<?xml version="1.0" encoding="UTF-8"?>
<testsuite xmlns:xsi="http://www.w3.org/2001/XMLSchema-instance" xsi:noNamespaceSchemaLocation="https://maven.apache.org/surefire/maven-surefire-plugin/xsd/surefire-test-report-3.0.xsd" version="3.0" name="com.h.udemy.java.uservices.order.service.dataaccess.order.adapter.CustomerRepositoryTest" time="6.823" tests="3" errors="0" skipped="0" failures="0">
  <properties>
    <property name="java.specification.version" value="17"/>
    <property name="sun.cpu.isalist" value="amd64"/>
    <property name="sun.jnu.encoding" value="Cp1252"/>
    <property name="java.class.path" value="C:\dev\training\udemy\Microservices-Clean-Architecture-DDD-SAGA-Outbox-Kafka\order-service\order-dataaccess\target\test-classes;C:\dev\training\udemy\Microservices-Clean-Architecture-DDD-SAGA-Outbox-Kafka\order-service\order-dataaccess\target\classes;C:\dev\training\udemy\Microservices-Clean-Architecture-DDD-SAGA-Outbox-Kafka\common\common-dataaccess\target\common-dataaccess-1.0.0.jar;C:\Users\henrique.rosa\.m2\org\springframework\boot\spring-boot-starter-data-jpa\2.6.14\spring-boot-starter-data-jpa-2.6.14.jar;C:\Users\henrique.rosa\.m2\org\springframework\boot\spring-boot-starter-aop\2.6.14\spring-boot-starter-aop-2.6.14.jar;C:\Users\henrique.rosa\.m2\org\aspectj\aspectjweaver\1.9.7\aspectjweaver-1.9.7.jar;C:\Users\henrique.rosa\.m2\org\springframework\boot\spring-boot-starter-jdbc\2.6.14\spring-boot-starter-jdbc-2.6.14.jar;C:\Users\henrique.rosa\.m2\com\zaxxer\HikariCP\4.0.3\HikariCP-4.0.3.jar;C:\Users\henrique.rosa\.m2\org\springframework\spring-jdbc\5.3.24\spring-jdbc-5.3.24.jar;C:\Users\henrique.rosa\.m2\jakarta\transaction\jakarta.transaction-api\1.3.3\jakarta.transaction-api-1.3.3.jar;C:\Users\henrique.rosa\.m2\jakarta\persistence\jakarta.persistence-api\2.2.3\jakarta.persistence-api-2.2.3.jar;C:\Users\henrique.rosa\.m2\org\hibernate\hibernate-core\5.6.14.Final\hibernate-core-5.6.14.Final.jar;C:\Users\henrique.rosa\.m2\antlr\antlr\2.7.7\antlr-2.7.7.jar;C:\Users\henrique.rosa\.m2\org\jboss\jandex\2.4.2.Final\jandex-2.4.2.Final.jar;C:\Users\henrique.rosa\.m2\org\hibernate\common\hibernate-commons-annotations\5.1.2.Final\hibernate-commons-annotations-5.1.2.Final.jar;C:\Users\henrique.rosa\.m2\org\glassfish\jaxb\jaxb-runtime\2.3.7\jaxb-runtime-2.3.7.jar;C:\Users\henrique.rosa\.m2\org\glassfish\jaxb\txw2\2.3.7\txw2-2.3.7.jar;C:\Users\henrique.rosa\.m2\com\sun\istack\istack-commons-runtime\3.0.12\istack-commons-runtime-3.0.12.jar;C:\Users\henrique.rosa\.m2\com\sun\activation\jakarta.activation\1.2.2\jakarta.activation-1.2.2.jar;C:\Users\henrique.rosa\.m2\org\springframework\spring-aspects\5.3.24\spring-aspects-5.3.24.jar;C:\Users\henrique.rosa\.m2\org\springframework\data\spring-data-jpa\2.6.10\spring-data-jpa-2.6.10.jar;C:\Users\henrique.rosa\.m2\org\springframework\data\spring-data-commons\2.6.10\spring-data-commons-2.6.10.jar;C:\Users\henrique.rosa\.m2\org\springframework\spring-orm\5.3.24\spring-orm-5.3.24.jar;C:\Users\henrique.rosa\.m2\org\slf4j\slf4j-api\1.7.36\slf4j-api-1.7.36.jar;C:\Users\henrique.rosa\.m2\org\postgresql\postgresql\42.3.8\postgresql-42.3.8.jar;C:\Users\henrique.rosa\.m2\org\checkerframework\checker-qual\3.5.0\checker-qual-3.5.0.jar;C:\dev\training\udemy\Microservices-Clean-Architecture-DDD-SAGA-Outbox-Kafka\order-service\order-domain\order-domain-service\target\order-domain-service-1.0.0.jar;C:\dev\training\udemy\Microservices-Clean-Architecture-DDD-SAGA-Outbox-Kafka\order-service\order-domain\order-domain-core\target\order-domain-core-1.0.0.jar;C:\dev\training\udemy\Microservices-Clean-Architecture-DDD-SAGA-Outbox-Kafka\common\common-domain\target\common-domain-1.0.0.jar;C:\dev\training\udemy\Microservices-Clean-Architecture-DDD-SAGA-Outbox-Kafka\infrastructure\saga\target\saga-1.0.0.jar;C:\Users\henrique.rosa\.m2\org\springframework\spring-tx\5.3.24\spring-tx-5.3.24.jar;C:\Users\henrique.rosa\.m2\org\springframework\boot\spring-boot-starter\2.6.14\spring-boot-starter-2.6.14.jar;C:\Users\henrique.rosa\.m2\org\springframework\boot\spring-boot\2.6.14\spring-boot-2.6.14.jar;C:\Users\henrique.rosa\.m2\org\springframework\boot\spring-boot-autoconfigure\2.6.14\spring-boot-autoconfigure-2.6.14.jar;C:\Users\henrique.rosa\.m2\jakarta\annotation\jakarta.annotation-api\1.3.5\jakarta.annotation-api-1.3.5.jar;C:\Users\henrique.rosa\.m2\org\yaml\snakeyaml\1.29\snakeyaml-1.29.jar;C:\Users\henrique.rosa\.m2\org\springframework\boot\spring-boot-starter-web\2.6.14\spring-boot-starter-web-2.6.14.jar;C:\Users\henrique.rosa\.m2\org\springframework\boot\spring-boot-starter-json\2.6.14\spring-boot-starter-json-2.6.14.jar;C:\Users\henrique.rosa\.m2\com\fasterxml\jackson\core\jackson-databind\2.13.4.2\jackson-databind-2.13.4.2.jar;C:\Users\henrique.rosa\.m2\com\fasterxml\jackson\core\jackson-annotations\2.13.4\jackson-annotations-2.13.4.jar;C:\Users\henrique.rosa\.m2\com\fasterxml\jackson\core\jackson-core\2.13.4\jackson-core-2.13.4.jar;C:\Users\henrique.rosa\.m2\com\fasterxml\jackson\datatype\jackson-datatype-jdk8\2.13.4\jackson-datatype-jdk8-2.13.4.jar;C:\Users\henrique.rosa\.m2\com\fasterxml\jackson\datatype\jackson-datatype-jsr310\2.13.4\jackson-datatype-jsr310-2.13.4.jar;C:\Users\henrique.rosa\.m2\com\fasterxml\jackson\module\jackson-module-parameter-names\2.13.4\jackson-module-parameter-names-2.13.4.jar;C:\Users\henrique.rosa\.m2\org\springframework\boot\spring-boot-starter-tomcat\2.6.14\spring-boot-starter-tomcat-2.6.14.jar;C:\Users\henrique.rosa\.m2\org\apache\tomcat\embed\tomcat-embed-core\9.0.69\tomcat-embed-core-9.0.69.jar;C:\Users\henrique.rosa\.m2\org\apache\tomcat\embed\tomcat-embed-websocket\9.0.69\tomcat-embed-websocket-9.0.69.jar;C:\Users\henrique.rosa\.m2\org\springframework\spring-web\5.3.24\spring-web-5.3.24.jar;C:\Users\henrique.rosa\.m2\org\springframework\spring-webmvc\5.3.24\spring-webmvc-5.3.24.jar;C:\Users\henrique.rosa\.m2\org\springframework\boot\spring-boot-starter-validation\3.0.0\spring-boot-starter-validation-3.0.0.jar;C:\Users\henrique.rosa\.m2\org\apache\tomcat\embed\tomcat-embed-el\9.0.69\tomcat-embed-el-9.0.69.jar;C:\Users\henrique.rosa\.m2\org\hibernate\validator\hibernate-validator\6.2.5.Final\hibernate-validator-6.2.5.Final.jar;C:\Users\henrique.rosa\.m2\jakarta\validation\jakarta.validation-api\2.0.2\jakarta.validation-api-2.0.2.jar;C:\Users\henrique.rosa\.m2\org\jboss\logging\jboss-logging\3.4.3.Final\jboss-logging-3.4.3.Final.jar;C:\Users\henrique.rosa\.m2\com\fasterxml\classmate\1.5.1\classmate-1.5.1.jar;C:\Users\henrique.rosa\.m2\org\springframework\boot\spring-boot-starter-logging\2.6.14\spring-boot-starter-logging-2.6.14.jar;C:\Users\henrique.rosa\.m2\ch\qos\logback\logback-classic\1.2.11\logback-classic-1.2.11.jar;C:\Users\henrique.rosa\.m2\ch\qos\logback\logback-core\1.2.11\logback-core-1.2.11.jar;C:\Users\henrique.rosa\.m2\org\apache\logging\log4j\log4j-to-slf4j\2.17.2\log4j-to-slf4j-2.17.2.jar;C:\Users\henrique.rosa\.m2\org\apache\logging\log4j\log4j-api\2.17.2\log4j-api-2.17.2.jar;C:\Users\henrique.rosa\.m2\org\slf4j\jul-to-slf4j\1.7.36\jul-to-slf4j-1.7.36.jar;C:\Users\henrique.rosa\.m2\org\springframework\spring-context\5.3.24\spring-context-5.3.24.jar;C:\Users\henrique.rosa\.m2\org\springframework\spring-aop\5.3.24\spring-aop-5.3.24.jar;C:\Users\henrique.rosa\.m2\org\springframework\spring-beans\5.3.24\spring-beans-5.3.24.jar;C:\Users\henrique.rosa\.m2\org\springframework\spring-expression\5.3.24\spring-expression-5.3.24.jar;C:\Users\henrique.rosa\.m2\org\springframework\spring-core\5.3.24\spring-core-5.3.24.jar;C:\Users\henrique.rosa\.m2\org\springframework\spring-jcl\5.3.24\spring-jcl-5.3.24.jar;C:\Users\henrique.rosa\.m2\org\projectlombok\lombok\1.18.24\lombok-1.18.24.jar;C:\Users\henrique.rosa\.m2\org\springframework\boot\spring-boot-starter-test\2.6.14\spring-boot-starter-test-2.6.14.jar;C:\Users\henrique.rosa\.m2\org\springframework\boot\spring-boot-test\2.6.14\spring-boot-test-2.6.14.jar;C:\Users\henrique.rosa\.m2\org\springframework\boot\spring-boot-test-autoconfigure\2.6.14\spring-boot-test-autoconfigure-2.6.14.jar;C:\Users\henrique.rosa\.m2\com\jayway\jsonpath\json-path\2.6.0\json-path-2.6.0.jar;C:\Users\henrique.rosa\.m2\net\minidev\json-smart\2.4.8\json-smart-2.4.8.jar;C:\Users\henrique.rosa\.m2\net\minidev\accessors-smart\2.4.8\accessors-smart-2.4.8.jar;C:\Users\henrique.rosa\.m2\org\ow2\asm\asm\9.1\asm-9.1.jar;C:\Users\henrique.rosa\.m2\jakarta\xml\bind\jakarta.xml.bind-api\2.3.3\jakarta.xml.bind-api-2.3.3.jar;C:\Users\henrique.rosa\.m2\jakarta\activation\jakarta.activation-api\1.2.2\jakarta.activation-api-1.2.2.jar;C:\Users\henrique.rosa\.m2\org\assertj\assertj-core\3.21.0\assertj-core-3.21.0.jar;C:\Users\henrique.rosa\.m2\org\hamcrest\hamcrest\2.2\hamcrest-2.2.jar;C:\Users\henrique.rosa\.m2\org\junit\jupiter\junit-jupiter\5.8.2\junit-jupiter-5.8.2.jar;C:\Users\henrique.rosa\.m2\org\junit\jupiter\junit-jupiter-api\5.8.2\junit-jupiter-api-5.8.2.jar;C:\Users\henrique.rosa\.m2\org\opentest4j\opentest4j\1.2.0\opentest4j-1.2.0.jar;C:\Users\henrique.rosa\.m2\org\junit\platform\junit-platform-commons\1.8.2\junit-platform-commons-1.8.2.jar;C:\Users\henrique.rosa\.m2\org\apiguardian\apiguardian-api\1.1.2\apiguardian-api-1.1.2.jar;C:\Users\henrique.rosa\.m2\org\junit\jupiter\junit-jupiter-params\5.8.2\junit-jupiter-params-5.8.2.jar;C:\Users\henrique.rosa\.m2\org\junit\jupiter\junit-jupiter-engine\5.8.2\junit-jupiter-engine-5.8.2.jar;C:\Users\henrique.rosa\.m2\org\junit\platform\junit-platform-engine\1.8.2\junit-platform-engine-1.8.2.jar;C:\Users\henrique.rosa\.m2\org\mockito\mockito-junit-jupiter\4.0.0\mockito-junit-jupiter-4.0.0.jar;C:\Users\henrique.rosa\.m2\org\skyscreamer\jsonassert\1.5.1\jsonassert-1.5.1.jar;C:\Users\henrique.rosa\.m2\com\vaadin\external\google\android-json\0.0.20131108.vaadin1\android-json-0.0.20131108.vaadin1.jar;C:\Users\henrique.rosa\.m2\org\springframework\spring-test\5.3.24\spring-test-5.3.24.jar;C:\Users\henrique.rosa\.m2\org\xmlunit\xmlunit-core\2.8.4\xmlunit-core-2.8.4.jar;C:\Users\henrique.rosa\.m2\org\mockito\mockito-core\4.0.0\mockito-core-4.0.0.jar;C:\Users\henrique.rosa\.m2\net\bytebuddy\byte-buddy\1.11.22\byte-buddy-1.11.22.jar;C:\Users\henrique.rosa\.m2\net\bytebuddy\byte-buddy-agent\1.11.22\byte-buddy-agent-1.11.22.jar;C:\Users\henrique.rosa\.m2\org\objenesis\objenesis\3.2\objenesis-3.2.jar;C:\Users\henrique.rosa\.m2\com\h2database\h2\1.4.200\h2-1.4.200.jar;C:\Users\henrique.rosa\.m2\org\mapstruct\mapstruct\1.5.3.Final\mapstruct-1.5.3.Final.jar;C:\Users\henrique.rosa\.m2\io\vavr\vavr\0.10.4\vavr-0.10.4.jar;C:\Users\henrique.rosa\.m2\io\vavr\vavr-match\0.10.4\vavr-match-0.10.4.jar;"/>
    <property name="java.vm.vendor" value="Eclipse Adoptium"/>
    <property name="sun.arch.data.model" value="64"/>
    <property name="user.variant" value=""/>
    <property name="catalina.useNaming" value="false"/>
    <property name="java.vendor.url" value="https://adoptium.net/"/>
    <property name="user.timezone" value="Europe/Lisbon"/>
    <property name="os.name" value="Windows 10"/>
    <property name="java.vm.specification.version" value="17"/>
    <property name="sun.java.launcher" value="SUN_STANDARD"/>
    <property name="user.country" value="US"/>
    <property name="sun.boot.library.path" value="C:\dev\salog\tools\java\jdk-17.0.5+8\bin"/>
    <property name="sun.java.command" value="C:\Users\henrique.rosa\AppData\Local\Temp\surefire377874552615913515\surefirebooter6401865854379990902.jar C:\Users\henrique.rosa\AppData\Local\Temp\surefire377874552615913515 2024-12-04T14-43-25_003-jvmRun1 surefire17972376999200322327tmp surefire_58875888209305739785tmp"/>
    <property name="jdk.debug" value="release"/>
    <property name="surefire.test.class.path" value="C:\dev\training\udemy\Microservices-Clean-Architecture-DDD-SAGA-Outbox-Kafka\order-service\order-dataaccess\target\test-classes;C:\dev\training\udemy\Microservices-Clean-Architecture-DDD-SAGA-Outbox-Kafka\order-service\order-dataaccess\target\classes;C:\dev\training\udemy\Microservices-Clean-Architecture-DDD-SAGA-Outbox-Kafka\common\common-dataaccess\target\common-dataaccess-1.0.0.jar;C:\Users\henrique.rosa\.m2\org\springframework\boot\spring-boot-starter-data-jpa\2.6.14\spring-boot-starter-data-jpa-2.6.14.jar;C:\Users\henrique.rosa\.m2\org\springframework\boot\spring-boot-starter-aop\2.6.14\spring-boot-starter-aop-2.6.14.jar;C:\Users\henrique.rosa\.m2\org\aspectj\aspectjweaver\1.9.7\aspectjweaver-1.9.7.jar;C:\Users\henrique.rosa\.m2\org\springframework\boot\spring-boot-starter-jdbc\2.6.14\spring-boot-starter-jdbc-2.6.14.jar;C:\Users\henrique.rosa\.m2\com\zaxxer\HikariCP\4.0.3\HikariCP-4.0.3.jar;C:\Users\henrique.rosa\.m2\org\springframework\spring-jdbc\5.3.24\spring-jdbc-5.3.24.jar;C:\Users\henrique.rosa\.m2\jakarta\transaction\jakarta.transaction-api\1.3.3\jakarta.transaction-api-1.3.3.jar;C:\Users\henrique.rosa\.m2\jakarta\persistence\jakarta.persistence-api\2.2.3\jakarta.persistence-api-2.2.3.jar;C:\Users\henrique.rosa\.m2\org\hibernate\hibernate-core\5.6.14.Final\hibernate-core-5.6.14.Final.jar;C:\Users\henrique.rosa\.m2\antlr\antlr\2.7.7\antlr-2.7.7.jar;C:\Users\henrique.rosa\.m2\org\jboss\jandex\2.4.2.Final\jandex-2.4.2.Final.jar;C:\Users\henrique.rosa\.m2\org\hibernate\common\hibernate-commons-annotations\5.1.2.Final\hibernate-commons-annotations-5.1.2.Final.jar;C:\Users\henrique.rosa\.m2\org\glassfish\jaxb\jaxb-runtime\2.3.7\jaxb-runtime-2.3.7.jar;C:\Users\henrique.rosa\.m2\org\glassfish\jaxb\txw2\2.3.7\txw2-2.3.7.jar;C:\Users\henrique.rosa\.m2\com\sun\istack\istack-commons-runtime\3.0.12\istack-commons-runtime-3.0.12.jar;C:\Users\henrique.rosa\.m2\com\sun\activation\jakarta.activation\1.2.2\jakarta.activation-1.2.2.jar;C:\Users\henrique.rosa\.m2\org\springframework\spring-aspects\5.3.24\spring-aspects-5.3.24.jar;C:\Users\henrique.rosa\.m2\org\springframework\data\spring-data-jpa\2.6.10\spring-data-jpa-2.6.10.jar;C:\Users\henrique.rosa\.m2\org\springframework\data\spring-data-commons\2.6.10\spring-data-commons-2.6.10.jar;C:\Users\henrique.rosa\.m2\org\springframework\spring-orm\5.3.24\spring-orm-5.3.24.jar;C:\Users\henrique.rosa\.m2\org\slf4j\slf4j-api\1.7.36\slf4j-api-1.7.36.jar;C:\Users\henrique.rosa\.m2\org\postgresql\postgresql\42.3.8\postgresql-42.3.8.jar;C:\Users\henrique.rosa\.m2\org\checkerframework\checker-qual\3.5.0\checker-qual-3.5.0.jar;C:\dev\training\udemy\Microservices-Clean-Architecture-DDD-SAGA-Outbox-Kafka\order-service\order-domain\order-domain-service\target\order-domain-service-1.0.0.jar;C:\dev\training\udemy\Microservices-Clean-Architecture-DDD-SAGA-Outbox-Kafka\order-service\order-domain\order-domain-core\target\order-domain-core-1.0.0.jar;C:\dev\training\udemy\Microservices-Clean-Architecture-DDD-SAGA-Outbox-Kafka\common\common-domain\target\common-domain-1.0.0.jar;C:\dev\training\udemy\Microservices-Clean-Architecture-DDD-SAGA-Outbox-Kafka\infrastructure\saga\target\saga-1.0.0.jar;C:\Users\henrique.rosa\.m2\org\springframework\spring-tx\5.3.24\spring-tx-5.3.24.jar;C:\Users\henrique.rosa\.m2\org\springframework\boot\spring-boot-starter\2.6.14\spring-boot-starter-2.6.14.jar;C:\Users\henrique.rosa\.m2\org\springframework\boot\spring-boot\2.6.14\spring-boot-2.6.14.jar;C:\Users\henrique.rosa\.m2\org\springframework\boot\spring-boot-autoconfigure\2.6.14\spring-boot-autoconfigure-2.6.14.jar;C:\Users\henrique.rosa\.m2\jakarta\annotation\jakarta.annotation-api\1.3.5\jakarta.annotation-api-1.3.5.jar;C:\Users\henrique.rosa\.m2\org\yaml\snakeyaml\1.29\snakeyaml-1.29.jar;C:\Users\henrique.rosa\.m2\org\springframework\boot\spring-boot-starter-web\2.6.14\spring-boot-starter-web-2.6.14.jar;C:\Users\henrique.rosa\.m2\org\springframework\boot\spring-boot-starter-json\2.6.14\spring-boot-starter-json-2.6.14.jar;C:\Users\henrique.rosa\.m2\com\fasterxml\jackson\core\jackson-databind\2.13.4.2\jackson-databind-2.13.4.2.jar;C:\Users\henrique.rosa\.m2\com\fasterxml\jackson\core\jackson-annotations\2.13.4\jackson-annotations-2.13.4.jar;C:\Users\henrique.rosa\.m2\com\fasterxml\jackson\core\jackson-core\2.13.4\jackson-core-2.13.4.jar;C:\Users\henrique.rosa\.m2\com\fasterxml\jackson\datatype\jackson-datatype-jdk8\2.13.4\jackson-datatype-jdk8-2.13.4.jar;C:\Users\henrique.rosa\.m2\com\fasterxml\jackson\datatype\jackson-datatype-jsr310\2.13.4\jackson-datatype-jsr310-2.13.4.jar;C:\Users\henrique.rosa\.m2\com\fasterxml\jackson\module\jackson-module-parameter-names\2.13.4\jackson-module-parameter-names-2.13.4.jar;C:\Users\henrique.rosa\.m2\org\springframework\boot\spring-boot-starter-tomcat\2.6.14\spring-boot-starter-tomcat-2.6.14.jar;C:\Users\henrique.rosa\.m2\org\apache\tomcat\embed\tomcat-embed-core\9.0.69\tomcat-embed-core-9.0.69.jar;C:\Users\henrique.rosa\.m2\org\apache\tomcat\embed\tomcat-embed-websocket\9.0.69\tomcat-embed-websocket-9.0.69.jar;C:\Users\henrique.rosa\.m2\org\springframework\spring-web\5.3.24\spring-web-5.3.24.jar;C:\Users\henrique.rosa\.m2\org\springframework\spring-webmvc\5.3.24\spring-webmvc-5.3.24.jar;C:\Users\henrique.rosa\.m2\org\springframework\boot\spring-boot-starter-validation\3.0.0\spring-boot-starter-validation-3.0.0.jar;C:\Users\henrique.rosa\.m2\org\apache\tomcat\embed\tomcat-embed-el\9.0.69\tomcat-embed-el-9.0.69.jar;C:\Users\henrique.rosa\.m2\org\hibernate\validator\hibernate-validator\6.2.5.Final\hibernate-validator-6.2.5.Final.jar;C:\Users\henrique.rosa\.m2\jakarta\validation\jakarta.validation-api\2.0.2\jakarta.validation-api-2.0.2.jar;C:\Users\henrique.rosa\.m2\org\jboss\logging\jboss-logging\3.4.3.Final\jboss-logging-3.4.3.Final.jar;C:\Users\henrique.rosa\.m2\com\fasterxml\classmate\1.5.1\classmate-1.5.1.jar;C:\Users\henrique.rosa\.m2\org\springframework\boot\spring-boot-starter-logging\2.6.14\spring-boot-starter-logging-2.6.14.jar;C:\Users\henrique.rosa\.m2\ch\qos\logback\logback-classic\1.2.11\logback-classic-1.2.11.jar;C:\Users\henrique.rosa\.m2\ch\qos\logback\logback-core\1.2.11\logback-core-1.2.11.jar;C:\Users\henrique.rosa\.m2\org\apache\logging\log4j\log4j-to-slf4j\2.17.2\log4j-to-slf4j-2.17.2.jar;C:\Users\henrique.rosa\.m2\org\apache\logging\log4j\log4j-api\2.17.2\log4j-api-2.17.2.jar;C:\Users\henrique.rosa\.m2\org\slf4j\jul-to-slf4j\1.7.36\jul-to-slf4j-1.7.36.jar;C:\Users\henrique.rosa\.m2\org\springframework\spring-context\5.3.24\spring-context-5.3.24.jar;C:\Users\henrique.rosa\.m2\org\springframework\spring-aop\5.3.24\spring-aop-5.3.24.jar;C:\Users\henrique.rosa\.m2\org\springframework\spring-beans\5.3.24\spring-beans-5.3.24.jar;C:\Users\henrique.rosa\.m2\org\springframework\spring-expression\5.3.24\spring-expression-5.3.24.jar;C:\Users\henrique.rosa\.m2\org\springframework\spring-core\5.3.24\spring-core-5.3.24.jar;C:\Users\henrique.rosa\.m2\org\springframework\spring-jcl\5.3.24\spring-jcl-5.3.24.jar;C:\Users\henrique.rosa\.m2\org\projectlombok\lombok\1.18.24\lombok-1.18.24.jar;C:\Users\henrique.rosa\.m2\org\springframework\boot\spring-boot-starter-test\2.6.14\spring-boot-starter-test-2.6.14.jar;C:\Users\henrique.rosa\.m2\org\springframework\boot\spring-boot-test\2.6.14\spring-boot-test-2.6.14.jar;C:\Users\henrique.rosa\.m2\org\springframework\boot\spring-boot-test-autoconfigure\2.6.14\spring-boot-test-autoconfigure-2.6.14.jar;C:\Users\henrique.rosa\.m2\com\jayway\jsonpath\json-path\2.6.0\json-path-2.6.0.jar;C:\Users\henrique.rosa\.m2\net\minidev\json-smart\2.4.8\json-smart-2.4.8.jar;C:\Users\henrique.rosa\.m2\net\minidev\accessors-smart\2.4.8\accessors-smart-2.4.8.jar;C:\Users\henrique.rosa\.m2\org\ow2\asm\asm\9.1\asm-9.1.jar;C:\Users\henrique.rosa\.m2\jakarta\xml\bind\jakarta.xml.bind-api\2.3.3\jakarta.xml.bind-api-2.3.3.jar;C:\Users\henrique.rosa\.m2\jakarta\activation\jakarta.activation-api\1.2.2\jakarta.activation-api-1.2.2.jar;C:\Users\henrique.rosa\.m2\org\assertj\assertj-core\3.21.0\assertj-core-3.21.0.jar;C:\Users\henrique.rosa\.m2\org\hamcrest\hamcrest\2.2\hamcrest-2.2.jar;C:\Users\henrique.rosa\.m2\org\junit\jupiter\junit-jupiter\5.8.2\junit-jupiter-5.8.2.jar;C:\Users\henrique.rosa\.m2\org\junit\jupiter\junit-jupiter-api\5.8.2\junit-jupiter-api-5.8.2.jar;C:\Users\henrique.rosa\.m2\org\opentest4j\opentest4j\1.2.0\opentest4j-1.2.0.jar;C:\Users\henrique.rosa\.m2\org\junit\platform\junit-platform-commons\1.8.2\junit-platform-commons-1.8.2.jar;C:\Users\henrique.rosa\.m2\org\apiguardian\apiguardian-api\1.1.2\apiguardian-api-1.1.2.jar;C:\Users\henrique.rosa\.m2\org\junit\jupiter\junit-jupiter-params\5.8.2\junit-jupiter-params-5.8.2.jar;C:\Users\henrique.rosa\.m2\org\junit\jupiter\junit-jupiter-engine\5.8.2\junit-jupiter-engine-5.8.2.jar;C:\Users\henrique.rosa\.m2\org\junit\platform\junit-platform-engine\1.8.2\junit-platform-engine-1.8.2.jar;C:\Users\henrique.rosa\.m2\org\mockito\mockito-junit-jupiter\4.0.0\mockito-junit-jupiter-4.0.0.jar;C:\Users\henrique.rosa\.m2\org\skyscreamer\jsonassert\1.5.1\jsonassert-1.5.1.jar;C:\Users\henrique.rosa\.m2\com\vaadin\external\google\android-json\0.0.20131108.vaadin1\android-json-0.0.20131108.vaadin1.jar;C:\Users\henrique.rosa\.m2\org\springframework\spring-test\5.3.24\spring-test-5.3.24.jar;C:\Users\henrique.rosa\.m2\org\xmlunit\xmlunit-core\2.8.4\xmlunit-core-2.8.4.jar;C:\Users\henrique.rosa\.m2\org\mockito\mockito-core\4.0.0\mockito-core-4.0.0.jar;C:\Users\henrique.rosa\.m2\net\bytebuddy\byte-buddy\1.11.22\byte-buddy-1.11.22.jar;C:\Users\henrique.rosa\.m2\net\bytebuddy\byte-buddy-agent\1.11.22\byte-buddy-agent-1.11.22.jar;C:\Users\henrique.rosa\.m2\org\objenesis\objenesis\3.2\objenesis-3.2.jar;C:\Users\henrique.rosa\.m2\com\h2database\h2\1.4.200\h2-1.4.200.jar;C:\Users\henrique.rosa\.m2\org\mapstruct\mapstruct\1.5.3.Final\mapstruct-1.5.3.Final.jar;C:\Users\henrique.rosa\.m2\io\vavr\vavr\0.10.4\vavr-0.10.4.jar;C:\Users\henrique.rosa\.m2\io\vavr\vavr-match\0.10.4\vavr-match-0.10.4.jar;"/>
    <property name="sun.cpu.endian" value="little"/>
    <property name="user.home" value="C:\Users\henrique.rosa"/>
    <property name="user.language" value="en"/>
    <property name="java.specification.vendor" value="Oracle Corporation"/>
    <property name="java.version.date" value="2022-10-18"/>
    <property name="java.home" value="C:\dev\salog\tools\java\jdk-17.0.5+8"/>
    <property name="file.separator" value="\"/>
    <property name="basedir" value="C:\dev\training\udemy\Microservices-Clean-Architecture-DDD-SAGA-Outbox-Kafka\order-service\order-dataaccess"/>
    <property name="java.vm.compressedOopsMode" value="Zero based"/>
    <property name="line.separator" value="&#10;"/>
    <property name="java.vm.specification.vendor" value="Oracle Corporation"/>
    <property name="java.specification.name" value="Java Platform API Specification"/>
    <property name="FILE_LOG_CHARSET" value="windows-1252"/>
    <property name="java.awt.headless" value="true"/>
    <property name="surefire.real.class.path" value="C:\Users\henrique.rosa\AppData\Local\Temp\surefire377874552615913515\surefirebooter6401865854379990902.jar"/>
    <property name="user.script" value=""/>
    <property name="sun.management.compiler" value="HotSpot 64-Bit Tiered Compilers"/>
    <property name="java.runtime.version" value="17.0.5+8"/>
    <property name="user.name" value="henrique.rosa"/>
    <property name="path.separator" value=";"/>
    <property name="os.version" value="10.0"/>
    <property name="java.runtime.name" value="OpenJDK Runtime Environment"/>
    <property name="file.encoding" value="Cp1252"/>
    <property name="spring.beaninfo.ignore" value="true"/>
    <property name="java.vm.name" value="OpenJDK 64-Bit Server VM"/>
    <property name="skipTests" value="false"/>
    <property name="java.vendor.version" value="Temurin-17.0.5+8"/>
    <property name="localRepository" value="C:\Users\henrique.rosa\.m2"/>
    <property name="java.vendor.url.bug" value="https://github.com/adoptium/adoptium-support/issues"/>
    <property name="java.io.tmpdir" value="C:\Users\HENRIQ~1.ROS\AppData\Local\Temp\"/>
    <property name="idea.version" value="2024.1"/>
    <property name="catalina.home" value="C:\Users\henrique.rosa\AppData\Local\Temp\tomcat.0.135977793098048921"/>
    <property name="com.zaxxer.hikari.pool_number" value="1"/>
    <property name="java.version" value="17.0.5"/>
    <property name="user.dir" value="C:\dev\training\udemy\Microservices-Clean-Architecture-DDD-SAGA-Outbox-Kafka\order-service\order-dataaccess"/>
    <property name="os.arch" value="amd64"/>
    <property name="java.vm.specification.name" value="Java Virtual Machine Specification"/>
    <property name="PID" value="35948"/>
    <property name="sun.os.patch.level" value=""/>
    <property name="CONSOLE_LOG_CHARSET" value="windows-1252"/>
    <property name="catalina.base" value="C:\Users\henrique.rosa\AppData\Local\Temp\tomcat.0.135977793098048921"/>
    <property name="native.encoding" value="Cp1252"/>
    <property name="java.library.path" value="C:\dev\salog\tools\java\jdk-17.0.5+8\bin;C:\windows\Sun\Java\bin;C:\windows\system32;C:\windows;C:\Python\Python312\Scripts\;C:\Python\Python312\;C:\windows\system32;C:\windows;C:\windows\System32\Wbem;C:\windows\System32\WindowsPowerShell\v1.0\;C:\windows\System32\OpenSSH\;C:\Program Files (x86)\Enterprise Vault\EVClient\x64\;C:\dev\salog\tools\mvn\apache-maven-3.9.2\bin;C:\dev\salog\tools\java\jdk-17.0.5+8\bin;C:\ProgramData\chocolatey\bin;C:\Users\henrique.rosa\AppData\Roaming\nvm;C:\Program Files\nodejs;C:\Program Files\TortoiseSVN\bin;C:\Program Files\BackupClient\CommandLineTool\;C:\Program Files (x86)\Common Files\Acronis\FileProtector\;C:\Program Files (x86)\Common Files\Acronis\FileProtector64\;C:\Program Files\BackupClient\PyShell\bin\;C:\Program Files (x86)\Common Files\Acronis\SnapAPI\;C:\Program Files\Git\cmd;C:\Program Files\Docker\Docker\resources\bin;C:\Users\henrique.rosa\AppData\Local\Microsoft\WindowsApps;C:\Users\henrique.rosa\AppData\Local\Programs\Microsoft VS Code\bin;C:\Users\henrique.rosa\AppData\Roaming\npm;C:\Users\henrique.rosa\AppData\Roaming\nvm;C:\Program Files\nodejs;."/>
    <property name="java.vm.info" value="mixed mode, sharing"/>
    <property name="java.vendor" value="Eclipse Adoptium"/>
    <property name="java.vm.version" value="17.0.5+8"/>
    <property name="report" value="true"/>
    <property name="sun.io.unicode.encoding" value="UnicodeLittle"/>
    <property name="java.class.version" value="61.0"/>
  </properties>
  <testcase name="contextLoads" classname="com.h.udemy.java.uservices.order.service.dataaccess.order.adapter.CustomerRepositoryTest" time="0.034">
    <system-out><![CDATA[14:44:26,170 |-INFO in ch.qos.logback.classic.LoggerContext[default] - Could NOT find resource [logback-test.xml]
14:44:26,170 |-INFO in ch.qos.logback.classic.LoggerContext[default] - Found resource [logback.xml] at [jar:file:/C:/dev/training/udemy/Microservices-Clean-Architecture-DDD-SAGA-Outbox-Kafka/order-service/order-domain/order-domain-core/target/order-domain-core-1.0.0.jar!/logback.xml]
14:44:26,171 |-WARN in ch.qos.logback.classic.LoggerContext[default] - Resource [logback.xml] occurs multiple times on the classpath.
14:44:26,171 |-WARN in ch.qos.logback.classic.LoggerContext[default] - Resource [logback.xml] occurs at [jar:file:/C:/dev/training/udemy/Microservices-Clean-Architecture-DDD-SAGA-Outbox-Kafka/common/common-domain/target/common-domain-1.0.0.jar!/logback.xml]
14:44:26,171 |-WARN in ch.qos.logback.classic.LoggerContext[default] - Resource [logback.xml] occurs at [jar:file:/C:/dev/training/udemy/Microservices-Clean-Architecture-DDD-SAGA-Outbox-Kafka/order-service/order-domain/order-domain-core/target/order-domain-core-1.0.0.jar!/logback.xml]
14:44:26,190 |-INFO in ch.qos.logback.core.joran.spi.ConfigurationWatchList@29006752 - URL [jar:file:/C:/dev/training/udemy/Microservices-Clean-Architecture-DDD-SAGA-Outbox-Kafka/order-service/order-domain/order-domain-core/target/order-domain-core-1.0.0.jar!/logback.xml] is not of type file
14:44:26,255 |-INFO in ch.qos.logback.classic.joran.action.ConfigurationAction - debug attribute not set
14:44:26,265 |-INFO in ch.qos.logback.core.joran.action.AppenderAction - About to instantiate appender of type [ch.qos.logback.core.ConsoleAppender]
14:44:26,270 |-INFO in ch.qos.logback.core.joran.action.AppenderAction - Naming appender as [STDOUT]
14:44:26,279 |-INFO in ch.qos.logback.core.joran.action.NestedComplexPropertyIA - Assuming default type [ch.qos.logback.classic.encoder.PatternLayoutEncoder] for [encoder] property
14:44:26,316 |-INFO in ch.qos.logback.core.joran.action.AppenderAction - About to instantiate appender of type [ch.qos.logback.core.rolling.RollingFileAppender]
14:44:26,322 |-INFO in ch.qos.logback.core.joran.action.AppenderAction - Naming appender as [SAVE-TO-FILE]
14:44:26,334 |-INFO in ch.qos.logback.core.rolling.FixedWindowRollingPolicy@470a9030 - No compression will be used
14:44:26,337 |-INFO in ch.qos.logback.core.rolling.RollingFileAppender[SAVE-TO-FILE] - Active log file name: logs/logs/log.log
14:44:26,337 |-INFO in ch.qos.logback.core.rolling.RollingFileAppender[SAVE-TO-FILE] - File property is set to [logs/logs/log.log]
14:44:26,341 |-INFO in ch.qos.logback.classic.joran.action.RootLoggerAction - Setting level of ROOT logger to INFO
14:44:26,341 |-INFO in ch.qos.logback.core.joran.action.AppenderRefAction - Attaching appender named [STDOUT] to Logger[ROOT]
14:44:26,342 |-INFO in ch.qos.logback.core.joran.action.AppenderRefAction - Attaching appender named [SAVE-TO-FILE] to Logger[ROOT]
14:44:26,342 |-INFO in ch.qos.logback.classic.joran.action.ConfigurationAction - End of configuration.
14:44:26,343 |-INFO in ch.qos.logback.classic.joran.JoranConfigurator@66d57c1b - Registering current configuration as safe fallback point

04-12-2024 14:44:26.947 [main] INFO  o.s.b.t.c.SpringBootTestContextBootstrapper.buildDefaultMergedContextConfiguration - Neither @ContextConfiguration nor @ContextHierarchy found for test class [com.h.udemy.java.uservices.order.service.dataaccess.order.adapter.CustomerRepositoryTest], using SpringBootContextLoader
04-12-2024 14:44:26.961 [main] INFO  o.s.t.c.s.AbstractContextLoader.generateDefaultLocations - Could not detect default resource locations for test class [com.h.udemy.java.uservices.order.service.dataaccess.order.adapter.CustomerRepositoryTest]: no resource found for suffixes {-context.xml, Context.groovy}.
04-12-2024 14:44:27.160 [main] INFO  o.s.b.t.c.SpringBootTestContextBootstrapper.getDefaultTestExecutionListenerClassNames - Loaded default TestExecutionListener class names from location [META-INF/spring.factories]: [org.springframework.boot.test.mock.mockito.MockitoTestExecutionListener, org.springframework.boot.test.mock.mockito.ResetMocksTestExecutionListener, org.springframework.boot.test.autoconfigure.restdocs.RestDocsTestExecutionListener, org.springframework.boot.test.autoconfigure.web.client.MockRestServiceServerResetTestExecutionListener, org.springframework.boot.test.autoconfigure.web.servlet.MockMvcPrintOnlyOnFailureTestExecutionListener, org.springframework.boot.test.autoconfigure.web.servlet.WebDriverTestExecutionListener, org.springframework.boot.test.autoconfigure.webservices.client.MockWebServiceServerTestExecutionListener, org.springframework.test.context.web.ServletTestExecutionListener, org.springframework.test.context.support.DirtiesContextBeforeModesTestExecutionListener, org.springframework.test.context.event.ApplicationEventsTestExecutionListener, org.springframework.test.context.support.DependencyInjectionTestExecutionListener, org.springframework.test.context.support.DirtiesContextTestExecutionListener, org.springframework.test.context.transaction.TransactionalTestExecutionListener, org.springframework.test.context.jdbc.SqlScriptsTestExecutionListener, org.springframework.test.context.event.EventPublishingTestExecutionListener]
04-12-2024 14:44:27.179 [main] INFO  o.s.b.t.c.SpringBootTestContextBootstrapper.getTestExecutionListeners - Using TestExecutionListeners: [org.springframework.test.context.web.ServletTestExecutionListener@36f6e521, org.springframework.test.context.support.DirtiesContextBeforeModesTestExecutionListener@2afdf6b7, org.springframework.test.context.event.ApplicationEventsTestExecutionListener@30922f8d, org.springframework.boot.test.mock.mockito.MockitoTestExecutionListener@50211483, org.springframework.boot.test.autoconfigure.SpringBootDependencyInjectionTestExecutionListener@51ff3c4b, org.springframework.test.context.support.DirtiesContextTestExecutionListener@1472208d, org.springframework.test.context.transaction.TransactionalTestExecutionListener@35bd8bc9, org.springframework.test.context.jdbc.SqlScriptsTestExecutionListener@6de004f1, org.springframework.test.context.event.EventPublishingTestExecutionListener@45d56062, org.springframework.boot.test.mock.mockito.ResetMocksTestExecutionListener@4026461d, org.springframework.boot.test.autoconfigure.restdocs.RestDocsTestExecutionListener@191c6e13, org.springframework.boot.test.autoconfigure.web.client.MockRestServiceServerResetTestExecutionListener@7436364d, org.springframework.boot.test.autoconfigure.web.servlet.MockMvcPrintOnlyOnFailureTestExecutionListener@1a8e9ed9, org.springframework.boot.test.autoconfigure.web.servlet.WebDriverTestExecutionListener@68ea253b, org.springframework.boot.test.autoconfigure.webservices.client.MockWebServiceServerTestExecutionListener@12fcb2c3]

  .   ____          _            __ _ _
 /\\ / ___'_ __ _ _(_)_ __  __ _ \ \ \ \
( ( )\___ | '_ | '_| | '_ \/ _` | \ \ \ \
 \\/  ___)| |_)| | | | | || (_| |  ) ) ) )
  '  |____| .__|_| |_|_| |_\__, | / / / /
 =========|_|==============|___/=/_/_/_/
 :: Spring Boot ::               (v2.6.14)

04-12-2024 14:44:27.481 [background-preinit] INFO  o.h.validator.internal.util.Version.<clinit> - HV000001: Hibernate Validator 6.2.5.Final
04-12-2024 14:44:27.516 [main] INFO  c.h.u.j.u.o.s.d.o.a.CustomerRepositoryTest.logStarting - Starting CustomerRepositoryTest using Java 17.0.5 on PTXXXLPF4A6XVN with PID 35948 (started by henrique.rosa in C:\dev\training\udemy\Microservices-Clean-Architecture-DDD-SAGA-Outbox-Kafka\order-service\order-dataaccess)
04-12-2024 14:44:27.527 [main] INFO  c.h.u.j.u.o.s.d.o.a.CustomerRepositoryTest.logStartupProfileInfo - No active profile set, falling back to 1 default profile: "default"
04-12-2024 14:44:28.356 [main] INFO  o.s.d.r.c.RepositoryConfigurationDelegate.registerRepositoriesIn - Bootstrapping Spring Data JPA repositories in DEFAULT mode.
04-12-2024 14:44:28.446 [main] INFO  o.s.d.r.c.RepositoryConfigurationDelegate.registerRepositoriesIn - Finished Spring Data repository scanning in 79 ms. Found 2 JPA repository interfaces.
04-12-2024 14:44:29.308 [main] INFO  o.s.b.w.e.tomcat.TomcatWebServer.initialize - Tomcat initialized with port(s): 0 (http)
04-12-2024 14:44:29.328 [main] INFO  o.a.coyote.http11.Http11NioProtocol.log - Initializing ProtocolHandler ["http-nio-auto-1"]
04-12-2024 14:44:29.329 [main] INFO  o.a.catalina.core.StandardService.log - Starting service [Tomcat]
04-12-2024 14:44:29.330 [main] INFO  o.a.catalina.core.StandardEngine.log - Starting Servlet engine: [Apache Tomcat/9.0.69]
04-12-2024 14:44:29.446 [main] INFO  o.a.c.c.C.[Tomcat].[localhost].[/].log - Initializing Spring embedded WebApplicationContext
04-12-2024 14:44:29.447 [main] INFO  o.s.b.w.s.c.ServletWebServerApplicationContext.prepareWebApplicationContext - Root WebApplicationContext: initialization completed in 1879 ms
04-12-2024 14:44:29.716 [main] INFO  o.h.jpa.internal.util.LogHelper.logPersistenceUnitInformation - HHH000204: Processing PersistenceUnitInfo [name: default]
04-12-2024 14:44:29.840 [main] INFO  org.hibernate.Version.logVersion - HHH000412: Hibernate ORM core version 5.6.14.Final
04-12-2024 14:44:30.067 [main] INFO  o.h.annotations.common.Version.<clinit> - HCANN000001: Hibernate Commons Annotations {5.1.2.Final}
04-12-2024 14:44:30.242 [main] INFO  com.zaxxer.hikari.HikariDataSource.getConnection - HikariPool-1 - Starting...
04-12-2024 14:44:30.501 [main] INFO  com.zaxxer.hikari.HikariDataSource.getConnection - HikariPool-1 - Start completed.
04-12-2024 14:44:30.527 [main] INFO  org.hibernate.dialect.Dialect.<init> - HHH000400: Using dialect: org.hibernate.dialect.H2Dialect
04-12-2024 14:44:31.314 [main] WARN  o.h.t.s.i.ExceptionHandlerLoggedImpl.handleException - GenerationTarget encountered exception accepting command : Error executing DDL "create table customer.vw_order_customer (id binary not null, primary key (id))" via JDBC Statement
org.hibernate.tool.schema.spi.CommandAcceptanceException: Error executing DDL "create table customer.vw_order_customer (id binary not null, primary key (id))" via JDBC Statement
	at org.hibernate.tool.schema.internal.exec.GenerationTargetToDatabase.accept(GenerationTargetToDatabase.java:67)
	at org.hibernate.tool.schema.internal.AbstractSchemaMigrator.applySqlString(AbstractSchemaMigrator.java:581)
	at org.hibernate.tool.schema.internal.AbstractSchemaMigrator.applySqlStrings(AbstractSchemaMigrator.java:526)
	at org.hibernate.tool.schema.internal.AbstractSchemaMigrator.createTable(AbstractSchemaMigrator.java:293)
	at org.hibernate.tool.schema.internal.GroupedSchemaMigratorImpl.performTablesMigration(GroupedSchemaMigratorImpl.java:74)
	at org.hibernate.tool.schema.internal.AbstractSchemaMigrator.performMigration(AbstractSchemaMigrator.java:220)
	at org.hibernate.tool.schema.internal.AbstractSchemaMigrator.doMigration(AbstractSchemaMigrator.java:123)
	at org.hibernate.tool.schema.spi.SchemaManagementToolCoordinator.performDatabaseAction(SchemaManagementToolCoordinator.java:196)
	at org.hibernate.tool.schema.spi.SchemaManagementToolCoordinator.process(SchemaManagementToolCoordinator.java:85)
	at org.hibernate.internal.SessionFactoryImpl.<init>(SessionFactoryImpl.java:335)
	at org.hibernate.boot.internal.SessionFactoryBuilderImpl.build(SessionFactoryBuilderImpl.java:471)
	at org.hibernate.jpa.boot.internal.EntityManagerFactoryBuilderImpl.build(EntityManagerFactoryBuilderImpl.java:1498)
	at org.springframework.orm.jpa.vendor.SpringHibernateJpaPersistenceProvider.createContainerEntityManagerFactory(SpringHibernateJpaPersistenceProvider.java:58)
	at org.springframework.orm.jpa.LocalContainerEntityManagerFactoryBean.createNativeEntityManagerFactory(LocalContainerEntityManagerFactoryBean.java:365)
	at org.springframework.orm.jpa.AbstractEntityManagerFactoryBean.buildNativeEntityManagerFactory(AbstractEntityManagerFactoryBean.java:409)
	at org.springframework.orm.jpa.AbstractEntityManagerFactoryBean.afterPropertiesSet(AbstractEntityManagerFactoryBean.java:396)
	at org.springframework.orm.jpa.LocalContainerEntityManagerFactoryBean.afterPropertiesSet(LocalContainerEntityManagerFactoryBean.java:341)
	at org.springframework.beans.factory.support.AbstractAutowireCapableBeanFactory.invokeInitMethods(AbstractAutowireCapableBeanFactory.java:1863)
	at org.springframework.beans.factory.support.AbstractAutowireCapableBeanFactory.initializeBean(AbstractAutowireCapableBeanFactory.java:1800)
	at org.springframework.beans.factory.support.AbstractAutowireCapableBeanFactory.doCreateBean(AbstractAutowireCapableBeanFactory.java:620)
	at org.springframework.beans.factory.support.AbstractAutowireCapableBeanFactory.createBean(AbstractAutowireCapableBeanFactory.java:542)
	at org.springframework.beans.factory.support.AbstractBeanFactory.lambda$doGetBean$0(AbstractBeanFactory.java:335)
	at org.springframework.beans.factory.support.DefaultSingletonBeanRegistry.getSingleton(DefaultSingletonBeanRegistry.java:234)
	at org.springframework.beans.factory.support.AbstractBeanFactory.doGetBean(AbstractBeanFactory.java:333)
	at org.springframework.beans.factory.support.AbstractBeanFactory.getBean(AbstractBeanFactory.java:208)
	at org.springframework.context.support.AbstractApplicationContext.getBean(AbstractApplicationContext.java:1154)
	at org.springframework.context.support.AbstractApplicationContext.finishBeanFactoryInitialization(AbstractApplicationContext.java:908)
	at org.springframework.context.support.AbstractApplicationContext.refresh(AbstractApplicationContext.java:583)
	at org.springframework.boot.web.servlet.context.ServletWebServerApplicationContext.refresh(ServletWebServerApplicationContext.java:145)
	at org.springframework.boot.SpringApplication.refresh(SpringApplication.java:745)
	at org.springframework.boot.SpringApplication.refreshContext(SpringApplication.java:423)
	at org.springframework.boot.SpringApplication.run(SpringApplication.java:307)
	at org.springframework.boot.test.context.SpringBootContextLoader.loadContext(SpringBootContextLoader.java:148)
	at org.springframework.test.context.cache.DefaultCacheAwareContextLoaderDelegate.loadContextInternal(DefaultCacheAwareContextLoaderDelegate.java:141)
	at org.springframework.test.context.cache.DefaultCacheAwareContextLoaderDelegate.loadContext(DefaultCacheAwareContextLoaderDelegate.java:90)
	at org.springframework.test.context.support.DefaultTestContext.getApplicationContext(DefaultTestContext.java:124)
	at org.springframework.test.context.support.DependencyInjectionTestExecutionListener.injectDependencies(DependencyInjectionTestExecutionListener.java:118)
	at org.springframework.test.context.support.DependencyInjectionTestExecutionListener.prepareTestInstance(DependencyInjectionTestExecutionListener.java:83)
	at org.springframework.boot.test.autoconfigure.SpringBootDependencyInjectionTestExecutionListener.prepareTestInstance(SpringBootDependencyInjectionTestExecutionListener.java:43)
	at org.springframework.test.context.TestContextManager.prepareTestInstance(TestContextManager.java:248)
	at org.springframework.test.context.junit.jupiter.SpringExtension.postProcessTestInstance(SpringExtension.java:138)
	at org.junit.jupiter.engine.descriptor.ClassBasedTestDescriptor.lambda$invokeTestInstancePostProcessors$8(ClassBasedTestDescriptor.java:363)
	at org.junit.jupiter.engine.descriptor.ClassBasedTestDescriptor.executeAndMaskThrowable(ClassBasedTestDescriptor.java:368)
	at org.junit.jupiter.engine.descriptor.ClassBasedTestDescriptor.lambda$invokeTestInstancePostProcessors$9(ClassBasedTestDescriptor.java:363)
	at java.base/java.util.stream.ReferencePipeline$3$1.accept(ReferencePipeline.java:197)
	at java.base/java.util.stream.ReferencePipeline$2$1.accept(ReferencePipeline.java:179)
	at java.base/java.util.ArrayList$ArrayListSpliterator.forEachRemaining(ArrayList.java:1625)
	at java.base/java.util.stream.AbstractPipeline.copyInto(AbstractPipeline.java:509)
	at java.base/java.util.stream.AbstractPipeline.wrapAndCopyInto(AbstractPipeline.java:499)
	at java.base/java.util.stream.StreamSpliterators$WrappingSpliterator.forEachRemaining(StreamSpliterators.java:310)
	at java.base/java.util.stream.Streams$ConcatSpliterator.forEachRemaining(Streams.java:735)
	at java.base/java.util.stream.ReferencePipeline$Head.forEach(ReferencePipeline.java:762)
	at org.junit.jupiter.engine.descriptor.ClassBasedTestDescriptor.invokeTestInstancePostProcessors(ClassBasedTestDescriptor.java:362)
	at org.junit.jupiter.engine.descriptor.ClassBasedTestDescriptor.lambda$instantiateAndPostProcessTestInstance$6(ClassBasedTestDescriptor.java:283)
	at org.junit.platform.engine.support.hierarchical.ThrowableCollector.execute(ThrowableCollector.java:73)
	at org.junit.jupiter.engine.descriptor.ClassBasedTestDescriptor.instantiateAndPostProcessTestInstance(ClassBasedTestDescriptor.java:282)
	at org.junit.jupiter.engine.descriptor.ClassBasedTestDescriptor.lambda$testInstancesProvider$4(ClassBasedTestDescriptor.java:272)
	at java.base/java.util.Optional.orElseGet(Optional.java:364)
	at org.junit.jupiter.engine.descriptor.ClassBasedTestDescriptor.lambda$testInstancesProvider$5(ClassBasedTestDescriptor.java:271)
	at org.junit.jupiter.engine.execution.TestInstancesProvider.getTestInstances(TestInstancesProvider.java:31)
	at org.junit.jupiter.engine.descriptor.ClassBasedTestDescriptor.lambda$before$2(ClassBasedTestDescriptor.java:197)
	at org.junit.platform.engine.support.hierarchical.ThrowableCollector.execute(ThrowableCollector.java:73)
	at org.junit.jupiter.engine.descriptor.ClassBasedTestDescriptor.before(ClassBasedTestDescriptor.java:196)
	at org.junit.jupiter.engine.descriptor.ClassBasedTestDescriptor.before(ClassBasedTestDescriptor.java:80)
	at org.junit.platform.engine.support.hierarchical.NodeTestTask.lambda$executeRecursively$6(NodeTestTask.java:148)
	at org.junit.platform.engine.support.hierarchical.ThrowableCollector.execute(ThrowableCollector.java:73)
	at org.junit.platform.engine.support.hierarchical.NodeTestTask.lambda$executeRecursively$8(NodeTestTask.java:141)
	at org.junit.platform.engine.support.hierarchical.Node.around(Node.java:137)
	at org.junit.platform.engine.support.hierarchical.NodeTestTask.lambda$executeRecursively$9(NodeTestTask.java:139)
	at org.junit.platform.engine.support.hierarchical.ThrowableCollector.execute(ThrowableCollector.java:73)
	at org.junit.platform.engine.support.hierarchical.NodeTestTask.executeRecursively(NodeTestTask.java:138)
	at org.junit.platform.engine.support.hierarchical.NodeTestTask.execute(NodeTestTask.java:95)
	at java.base/java.util.ArrayList.forEach(ArrayList.java:1511)
	at org.junit.platform.engine.support.hierarchical.SameThreadHierarchicalTestExecutorService.invokeAll(SameThreadHierarchicalTestExecutorService.java:41)
	at org.junit.platform.engine.support.hierarchical.NodeTestTask.lambda$executeRecursively$6(NodeTestTask.java:155)
	at org.junit.platform.engine.support.hierarchical.ThrowableCollector.execute(ThrowableCollector.java:73)
	at org.junit.platform.engine.support.hierarchical.NodeTestTask.lambda$executeRecursively$8(NodeTestTask.java:141)
	at org.junit.platform.engine.support.hierarchical.Node.around(Node.java:137)
	at org.junit.platform.engine.support.hierarchical.NodeTestTask.lambda$executeRecursively$9(NodeTestTask.java:139)
	at org.junit.platform.engine.support.hierarchical.ThrowableCollector.execute(ThrowableCollector.java:73)
	at org.junit.platform.engine.support.hierarchical.NodeTestTask.executeRecursively(NodeTestTask.java:138)
	at org.junit.platform.engine.support.hierarchical.NodeTestTask.execute(NodeTestTask.java:95)
	at org.junit.platform.engine.support.hierarchical.SameThreadHierarchicalTestExecutorService.submit(SameThreadHierarchicalTestExecutorService.java:35)
	at org.junit.platform.engine.support.hierarchical.HierarchicalTestExecutor.execute(HierarchicalTestExecutor.java:57)
	at org.junit.platform.engine.support.hierarchical.HierarchicalTestEngine.execute(HierarchicalTestEngine.java:54)
	at org.junit.platform.launcher.core.EngineExecutionOrchestrator.execute(EngineExecutionOrchestrator.java:107)
	at org.junit.platform.launcher.core.EngineExecutionOrchestrator.execute(EngineExecutionOrchestrator.java:88)
	at org.junit.platform.launcher.core.EngineExecutionOrchestrator.lambda$execute$0(EngineExecutionOrchestrator.java:54)
	at org.junit.platform.launcher.core.EngineExecutionOrchestrator.withInterceptedStreams(EngineExecutionOrchestrator.java:67)
	at org.junit.platform.launcher.core.EngineExecutionOrchestrator.execute(EngineExecutionOrchestrator.java:52)
	at org.junit.platform.launcher.core.DefaultLauncher.execute(DefaultLauncher.java:114)
	at org.junit.platform.launcher.core.DefaultLauncher.execute(DefaultLauncher.java:86)
	at org.junit.platform.launcher.core.DefaultLauncherSession$DelegatingLauncher.execute(DefaultLauncherSession.java:86)
	at org.junit.platform.launcher.core.SessionPerRequestLauncher.execute(SessionPerRequestLauncher.java:53)
	at org.apache.maven.surefire.junitplatform.JUnitPlatformProvider.execute(JUnitPlatformProvider.java:188)
	at org.apache.maven.surefire.junitplatform.JUnitPlatformProvider.invokeAllTests(JUnitPlatformProvider.java:154)
	at org.apache.maven.surefire.junitplatform.JUnitPlatformProvider.invoke(JUnitPlatformProvider.java:128)
	at org.apache.maven.surefire.booter.ForkedBooter.runSuitesInProcess(ForkedBooter.java:428)
	at org.apache.maven.surefire.booter.ForkedBooter.execute(ForkedBooter.java:162)
	at org.apache.maven.surefire.booter.ForkedBooter.run(ForkedBooter.java:562)
	at org.apache.maven.surefire.booter.ForkedBooter.main(ForkedBooter.java:548)
Caused by: org.h2.jdbc.JdbcSQLSyntaxErrorException: Schema "CUSTOMER" not found; SQL statement:
create table customer.vw_order_customer (id binary not null, primary key (id)) [90079-200]
	at org.h2.message.DbException.getJdbcSQLException(DbException.java:576)
	at org.h2.message.DbException.getJdbcSQLException(DbException.java:429)
	at org.h2.message.DbException.get(DbException.java:205)
	at org.h2.message.DbException.get(DbException.java:181)
	at org.h2.command.Parser.getSchema(Parser.java:1194)
	at org.h2.command.Parser.getSchema(Parser.java:1200)
	at org.h2.command.Parser.parseCreateTable(Parser.java:8368)
	at org.h2.command.Parser.parseCreate(Parser.java:6276)
	at org.h2.command.Parser.parsePrepared(Parser.java:903)
	at org.h2.command.Parser.parse(Parser.java:843)
	at org.h2.command.Parser.parse(Parser.java:815)
	at org.h2.command.Parser.prepareCommand(Parser.java:738)
	at org.h2.engine.Session.prepareLocal(Session.java:657)
	at org.h2.engine.Session.prepareCommand(Session.java:595)
	at org.h2.jdbc.JdbcConnection.prepareCommand(JdbcConnection.java:1235)
	at org.h2.jdbc.JdbcStatement.executeInternal(JdbcStatement.java:212)
	at org.h2.jdbc.JdbcStatement.execute(JdbcStatement.java:201)
	at com.zaxxer.hikari.pool.ProxyStatement.execute(ProxyStatement.java:94)
	at com.zaxxer.hikari.pool.HikariProxyStatement.execute(HikariProxyStatement.java)
	at org.hibernate.tool.schema.internal.exec.GenerationTargetToDatabase.accept(GenerationTargetToDatabase.java:54)
	... 100 common frames omitted
04-12-2024 14:44:31.346 [main] INFO  o.h.e.t.j.p.i.JtaPlatformInitiator.initiateService - HHH000490: Using JtaPlatform implementation: [org.hibernate.engine.transaction.jta.platform.internal.NoJtaPlatform]
04-12-2024 14:44:31.360 [main] INFO  o.s.o.j.LocalContainerEntityManagerFactoryBean.buildNativeEntityManagerFactory - Initialized JPA EntityManagerFactory for persistence unit 'default'
04-12-2024 14:44:32.224 [main] WARN  o.s.b.a.o.j.JpaBaseConfiguration$JpaWebConfiguration.openEntityManagerInViewInterceptor - spring.jpa.open-in-view is enabled by default. Therefore, database queries may be performed during view rendering. Explicitly configure spring.jpa.open-in-view to disable this warning
04-12-2024 14:44:32.814 [main] INFO  o.a.coyote.http11.Http11NioProtocol.log - Starting ProtocolHandler ["http-nio-auto-1"]
04-12-2024 14:44:32.840 [main] INFO  o.s.b.w.e.tomcat.TomcatWebServer.start - Tomcat started on port(s): 50110 (http) with context path ''
04-12-2024 14:44:32.847 [main] INFO  c.h.u.j.u.o.s.d.o.a.CustomerRepositoryTest.logStarted - Started CustomerRepositoryTest in 5.64 seconds (JVM running for 7.676)
04-12-2024 14:44:32.916 [main] INFO  c.h.u.j.u.o.s.d.ApiEnvTestConfig.contextLoads - Order Service Domain Core
04-12-2024 14:44:32.917 [main] WARN  c.h.u.j.u.o.s.d.ApiEnvTestConfig.contextLoads - Order Service Domain Core
04-12-2024 14:44:32.917 [main] ERROR c.h.u.j.u.o.s.d.ApiEnvTestConfig.contextLoads - Order Service Domain Core
]]></system-out>
  </testcase>
  <testcase name="insertOrder" classname="com.h.udemy.java.uservices.order.service.dataaccess.order.adapter.CustomerRepositoryTest" time="0.009"/>
  <testcase name="findByTrackingId" classname="com.h.udemy.java.uservices.order.service.dataaccess.order.adapter.CustomerRepositoryTest" time="0.005"/>
</testsuite>