<?xml version="1.0" encoding="UTF-8"?>
<testsuite xmlns:xsi="http://www.w3.org/2001/XMLSchema-instance" xsi:noNamespaceSchemaLocation="https://maven.apache.org/surefire/maven-surefire-plugin/xsd/surefire-test-report-3.0.xsd" version="3.0" name="com.h.udemy.java.uservices.order.service.domain.OrderDomainServiceTest" time="4.619" tests="5" errors="0" skipped="0" failures="0">
  <properties>
    <property name="java.specification.version" value="17"/>
    <property name="sun.cpu.isalist" value="amd64"/>
    <property name="sun.jnu.encoding" value="Cp1252"/>
    <property name="java.class.path" value="C:\dev\training\udemy\Microservices-Clean-Architecture-DDD-SAGA-Outbox-Kafka\order-service\order-domain\order-domain-service\target\test-classes;C:\dev\training\udemy\Microservices-Clean-Architecture-DDD-SAGA-Outbox-Kafka\order-service\order-domain\order-domain-service\target\classes;C:\dev\training\udemy\Microservices-Clean-Architecture-DDD-SAGA-Outbox-Kafka\order-service\order-domain\order-domain-core\target\order-domain-core-1.0.0.jar;C:\dev\training\udemy\Microservices-Clean-Architecture-DDD-SAGA-Outbox-Kafka\common\common-domain\target\common-domain-1.0.0.jar;C:\dev\training\udemy\Microservices-Clean-Architecture-DDD-SAGA-Outbox-Kafka\infrastructure\saga\target\saga-1.0.0.jar;C:\Users\henrique.rosa\.m2\org\springframework\boot\spring-boot-starter-validation\2.6.14\spring-boot-starter-validation-2.6.14.jar;C:\Users\henrique.rosa\.m2\org\apache\tomcat\embed\tomcat-embed-el\9.0.69\tomcat-embed-el-9.0.69.jar;C:\Users\henrique.rosa\.m2\org\hibernate\validator\hibernate-validator\6.2.5.Final\hibernate-validator-6.2.5.Final.jar;C:\Users\henrique.rosa\.m2\jakarta\validation\jakarta.validation-api\2.0.2\jakarta.validation-api-2.0.2.jar;C:\Users\henrique.rosa\.m2\org\jboss\logging\jboss-logging\3.4.3.Final\jboss-logging-3.4.3.Final.jar;C:\Users\henrique.rosa\.m2\com\fasterxml\classmate\1.5.1\classmate-1.5.1.jar;C:\Users\henrique.rosa\.m2\org\springframework\spring-tx\5.3.24\spring-tx-5.3.24.jar;C:\Users\henrique.rosa\.m2\org\springframework\spring-beans\5.3.24\spring-beans-5.3.24.jar;C:\Users\henrique.rosa\.m2\org\springframework\boot\spring-boot-starter\2.6.14\spring-boot-starter-2.6.14.jar;C:\Users\henrique.rosa\.m2\org\springframework\boot\spring-boot\2.6.14\spring-boot-2.6.14.jar;C:\Users\henrique.rosa\.m2\org\springframework\boot\spring-boot-autoconfigure\2.6.14\spring-boot-autoconfigure-2.6.14.jar;C:\Users\henrique.rosa\.m2\jakarta\annotation\jakarta.annotation-api\1.3.5\jakarta.annotation-api-1.3.5.jar;C:\Users\henrique.rosa\.m2\org\yaml\snakeyaml\1.29\snakeyaml-1.29.jar;C:\Users\henrique.rosa\.m2\org\springframework\boot\spring-boot-starter-web\2.6.14\spring-boot-starter-web-2.6.14.jar;C:\Users\henrique.rosa\.m2\org\springframework\boot\spring-boot-starter-json\2.6.14\spring-boot-starter-json-2.6.14.jar;C:\Users\henrique.rosa\.m2\com\fasterxml\jackson\core\jackson-databind\2.13.4.2\jackson-databind-2.13.4.2.jar;C:\Users\henrique.rosa\.m2\com\fasterxml\jackson\core\jackson-annotations\2.13.4\jackson-annotations-2.13.4.jar;C:\Users\henrique.rosa\.m2\com\fasterxml\jackson\core\jackson-core\2.13.4\jackson-core-2.13.4.jar;C:\Users\henrique.rosa\.m2\com\fasterxml\jackson\datatype\jackson-datatype-jdk8\2.13.4\jackson-datatype-jdk8-2.13.4.jar;C:\Users\henrique.rosa\.m2\com\fasterxml\jackson\datatype\jackson-datatype-jsr310\2.13.4\jackson-datatype-jsr310-2.13.4.jar;C:\Users\henrique.rosa\.m2\com\fasterxml\jackson\module\jackson-module-parameter-names\2.13.4\jackson-module-parameter-names-2.13.4.jar;C:\Users\henrique.rosa\.m2\org\springframework\boot\spring-boot-starter-tomcat\2.6.14\spring-boot-starter-tomcat-2.6.14.jar;C:\Users\henrique.rosa\.m2\org\apache\tomcat\embed\tomcat-embed-core\9.0.69\tomcat-embed-core-9.0.69.jar;C:\Users\henrique.rosa\.m2\org\apache\tomcat\embed\tomcat-embed-websocket\9.0.69\tomcat-embed-websocket-9.0.69.jar;C:\Users\henrique.rosa\.m2\org\springframework\spring-web\5.3.24\spring-web-5.3.24.jar;C:\Users\henrique.rosa\.m2\org\springframework\spring-webmvc\5.3.24\spring-webmvc-5.3.24.jar;C:\Users\henrique.rosa\.m2\org\springframework\boot\spring-boot-starter-logging\2.6.14\spring-boot-starter-logging-2.6.14.jar;C:\Users\henrique.rosa\.m2\ch\qos\logback\logback-classic\1.2.11\logback-classic-1.2.11.jar;C:\Users\henrique.rosa\.m2\ch\qos\logback\logback-core\1.2.11\logback-core-1.2.11.jar;C:\Users\henrique.rosa\.m2\org\slf4j\slf4j-api\1.7.36\slf4j-api-1.7.36.jar;C:\Users\henrique.rosa\.m2\org\apache\logging\log4j\log4j-to-slf4j\2.17.2\log4j-to-slf4j-2.17.2.jar;C:\Users\henrique.rosa\.m2\org\apache\logging\log4j\log4j-api\2.17.2\log4j-api-2.17.2.jar;C:\Users\henrique.rosa\.m2\org\slf4j\jul-to-slf4j\1.7.36\jul-to-slf4j-1.7.36.jar;C:\Users\henrique.rosa\.m2\org\springframework\spring-context\5.3.24\spring-context-5.3.24.jar;C:\Users\henrique.rosa\.m2\org\springframework\spring-aop\5.3.24\spring-aop-5.3.24.jar;C:\Users\henrique.rosa\.m2\org\springframework\spring-expression\5.3.24\spring-expression-5.3.24.jar;C:\Users\henrique.rosa\.m2\org\springframework\spring-core\5.3.24\spring-core-5.3.24.jar;C:\Users\henrique.rosa\.m2\org\springframework\spring-jcl\5.3.24\spring-jcl-5.3.24.jar;C:\Users\henrique.rosa\.m2\org\projectlombok\lombok\1.18.24\lombok-1.18.24.jar;C:\Users\henrique.rosa\.m2\org\springframework\boot\spring-boot-starter-test\2.6.14\spring-boot-starter-test-2.6.14.jar;C:\Users\henrique.rosa\.m2\org\springframework\boot\spring-boot-test\2.6.14\spring-boot-test-2.6.14.jar;C:\Users\henrique.rosa\.m2\org\springframework\boot\spring-boot-test-autoconfigure\2.6.14\spring-boot-test-autoconfigure-2.6.14.jar;C:\Users\henrique.rosa\.m2\com\jayway\jsonpath\json-path\2.6.0\json-path-2.6.0.jar;C:\Users\henrique.rosa\.m2\net\minidev\json-smart\2.4.8\json-smart-2.4.8.jar;C:\Users\henrique.rosa\.m2\net\minidev\accessors-smart\2.4.8\accessors-smart-2.4.8.jar;C:\Users\henrique.rosa\.m2\org\ow2\asm\asm\9.1\asm-9.1.jar;C:\Users\henrique.rosa\.m2\jakarta\xml\bind\jakarta.xml.bind-api\2.3.3\jakarta.xml.bind-api-2.3.3.jar;C:\Users\henrique.rosa\.m2\jakarta\activation\jakarta.activation-api\1.2.2\jakarta.activation-api-1.2.2.jar;C:\Users\henrique.rosa\.m2\org\assertj\assertj-core\3.21.0\assertj-core-3.21.0.jar;C:\Users\henrique.rosa\.m2\org\hamcrest\hamcrest\2.2\hamcrest-2.2.jar;C:\Users\henrique.rosa\.m2\org\junit\jupiter\junit-jupiter\5.8.2\junit-jupiter-5.8.2.jar;C:\Users\henrique.rosa\.m2\org\junit\jupiter\junit-jupiter-api\5.8.2\junit-jupiter-api-5.8.2.jar;C:\Users\henrique.rosa\.m2\org\opentest4j\opentest4j\1.2.0\opentest4j-1.2.0.jar;C:\Users\henrique.rosa\.m2\org\junit\platform\junit-platform-commons\1.8.2\junit-platform-commons-1.8.2.jar;C:\Users\henrique.rosa\.m2\org\apiguardian\apiguardian-api\1.1.2\apiguardian-api-1.1.2.jar;C:\Users\henrique.rosa\.m2\org\junit\jupiter\junit-jupiter-params\5.8.2\junit-jupiter-params-5.8.2.jar;C:\Users\henrique.rosa\.m2\org\junit\jupiter\junit-jupiter-engine\5.8.2\junit-jupiter-engine-5.8.2.jar;C:\Users\henrique.rosa\.m2\org\junit\platform\junit-platform-engine\1.8.2\junit-platform-engine-1.8.2.jar;C:\Users\henrique.rosa\.m2\org\mockito\mockito-junit-jupiter\4.0.0\mockito-junit-jupiter-4.0.0.jar;C:\Users\henrique.rosa\.m2\org\skyscreamer\jsonassert\1.5.1\jsonassert-1.5.1.jar;C:\Users\henrique.rosa\.m2\com\vaadin\external\google\android-json\0.0.20131108.vaadin1\android-json-0.0.20131108.vaadin1.jar;C:\Users\henrique.rosa\.m2\org\springframework\spring-test\5.3.24\spring-test-5.3.24.jar;C:\Users\henrique.rosa\.m2\org\xmlunit\xmlunit-core\2.8.4\xmlunit-core-2.8.4.jar;C:\Users\henrique.rosa\.m2\org\mockito\mockito-core\4.0.0\mockito-core-4.0.0.jar;C:\Users\henrique.rosa\.m2\net\bytebuddy\byte-buddy\1.11.22\byte-buddy-1.11.22.jar;C:\Users\henrique.rosa\.m2\net\bytebuddy\byte-buddy-agent\1.11.22\byte-buddy-agent-1.11.22.jar;C:\Users\henrique.rosa\.m2\org\objenesis\objenesis\3.2\objenesis-3.2.jar;C:\Users\henrique.rosa\.m2\com\h2database\h2\1.4.200\h2-1.4.200.jar;C:\Users\henrique.rosa\.m2\org\mapstruct\mapstruct\1.5.3.Final\mapstruct-1.5.3.Final.jar;C:\Users\henrique.rosa\.m2\io\vavr\vavr\0.10.4\vavr-0.10.4.jar;C:\Users\henrique.rosa\.m2\io\vavr\vavr-match\0.10.4\vavr-match-0.10.4.jar;"/>
    <property name="java.vm.vendor" value="Eclipse Adoptium"/>
    <property name="sun.arch.data.model" value="64"/>
    <property name="user.variant" value=""/>
    <property name="catalina.useNaming" value="false"/>
    <property name="java.vendor.url" value="https://adoptium.net/"/>
    <property name="user.timezone" value="Europe/Lisbon"/>
    <property name="os.name" value="Windows 10"/>
    <property name="java.vm.specification.version" value="17"/>
    <property name="sun.java.launcher" value="SUN_STANDARD"/>
    <property name="user.country" value="US"/>
    <property name="sun.boot.library.path" value="C:\dev\salog\tools\java\jdk-17.0.5+8\bin"/>
    <property name="sun.java.command" value="C:\Users\henrique.rosa\AppData\Local\Temp\surefire9707901460823896007\surefirebooter17284202247760444861.jar C:\Users\henrique.rosa\AppData\Local\Temp\surefire9707901460823896007 2024-12-04T14-43-25_003-jvmRun1 surefire18440412812492749377tmp surefire_210788683262590992248tmp"/>
    <property name="jdk.debug" value="release"/>
    <property name="surefire.test.class.path" value="C:\dev\training\udemy\Microservices-Clean-Architecture-DDD-SAGA-Outbox-Kafka\order-service\order-domain\order-domain-service\target\test-classes;C:\dev\training\udemy\Microservices-Clean-Architecture-DDD-SAGA-Outbox-Kafka\order-service\order-domain\order-domain-service\target\classes;C:\dev\training\udemy\Microservices-Clean-Architecture-DDD-SAGA-Outbox-Kafka\order-service\order-domain\order-domain-core\target\order-domain-core-1.0.0.jar;C:\dev\training\udemy\Microservices-Clean-Architecture-DDD-SAGA-Outbox-Kafka\common\common-domain\target\common-domain-1.0.0.jar;C:\dev\training\udemy\Microservices-Clean-Architecture-DDD-SAGA-Outbox-Kafka\infrastructure\saga\target\saga-1.0.0.jar;C:\Users\henrique.rosa\.m2\org\springframework\boot\spring-boot-starter-validation\2.6.14\spring-boot-starter-validation-2.6.14.jar;C:\Users\henrique.rosa\.m2\org\apache\tomcat\embed\tomcat-embed-el\9.0.69\tomcat-embed-el-9.0.69.jar;C:\Users\henrique.rosa\.m2\org\hibernate\validator\hibernate-validator\6.2.5.Final\hibernate-validator-6.2.5.Final.jar;C:\Users\henrique.rosa\.m2\jakarta\validation\jakarta.validation-api\2.0.2\jakarta.validation-api-2.0.2.jar;C:\Users\henrique.rosa\.m2\org\jboss\logging\jboss-logging\3.4.3.Final\jboss-logging-3.4.3.Final.jar;C:\Users\henrique.rosa\.m2\com\fasterxml\classmate\1.5.1\classmate-1.5.1.jar;C:\Users\henrique.rosa\.m2\org\springframework\spring-tx\5.3.24\spring-tx-5.3.24.jar;C:\Users\henrique.rosa\.m2\org\springframework\spring-beans\5.3.24\spring-beans-5.3.24.jar;C:\Users\henrique.rosa\.m2\org\springframework\boot\spring-boot-starter\2.6.14\spring-boot-starter-2.6.14.jar;C:\Users\henrique.rosa\.m2\org\springframework\boot\spring-boot\2.6.14\spring-boot-2.6.14.jar;C:\Users\henrique.rosa\.m2\org\springframework\boot\spring-boot-autoconfigure\2.6.14\spring-boot-autoconfigure-2.6.14.jar;C:\Users\henrique.rosa\.m2\jakarta\annotation\jakarta.annotation-api\1.3.5\jakarta.annotation-api-1.3.5.jar;C:\Users\henrique.rosa\.m2\org\yaml\snakeyaml\1.29\snakeyaml-1.29.jar;C:\Users\henrique.rosa\.m2\org\springframework\boot\spring-boot-starter-web\2.6.14\spring-boot-starter-web-2.6.14.jar;C:\Users\henrique.rosa\.m2\org\springframework\boot\spring-boot-starter-json\2.6.14\spring-boot-starter-json-2.6.14.jar;C:\Users\henrique.rosa\.m2\com\fasterxml\jackson\core\jackson-databind\2.13.4.2\jackson-databind-2.13.4.2.jar;C:\Users\henrique.rosa\.m2\com\fasterxml\jackson\core\jackson-annotations\2.13.4\jackson-annotations-2.13.4.jar;C:\Users\henrique.rosa\.m2\com\fasterxml\jackson\core\jackson-core\2.13.4\jackson-core-2.13.4.jar;C:\Users\henrique.rosa\.m2\com\fasterxml\jackson\datatype\jackson-datatype-jdk8\2.13.4\jackson-datatype-jdk8-2.13.4.jar;C:\Users\henrique.rosa\.m2\com\fasterxml\jackson\datatype\jackson-datatype-jsr310\2.13.4\jackson-datatype-jsr310-2.13.4.jar;C:\Users\henrique.rosa\.m2\com\fasterxml\jackson\module\jackson-module-parameter-names\2.13.4\jackson-module-parameter-names-2.13.4.jar;C:\Users\henrique.rosa\.m2\org\springframework\boot\spring-boot-starter-tomcat\2.6.14\spring-boot-starter-tomcat-2.6.14.jar;C:\Users\henrique.rosa\.m2\org\apache\tomcat\embed\tomcat-embed-core\9.0.69\tomcat-embed-core-9.0.69.jar;C:\Users\henrique.rosa\.m2\org\apache\tomcat\embed\tomcat-embed-websocket\9.0.69\tomcat-embed-websocket-9.0.69.jar;C:\Users\henrique.rosa\.m2\org\springframework\spring-web\5.3.24\spring-web-5.3.24.jar;C:\Users\henrique.rosa\.m2\org\springframework\spring-webmvc\5.3.24\spring-webmvc-5.3.24.jar;C:\Users\henrique.rosa\.m2\org\springframework\boot\spring-boot-starter-logging\2.6.14\spring-boot-starter-logging-2.6.14.jar;C:\Users\henrique.rosa\.m2\ch\qos\logback\logback-classic\1.2.11\logback-classic-1.2.11.jar;C:\Users\henrique.rosa\.m2\ch\qos\logback\logback-core\1.2.11\logback-core-1.2.11.jar;C:\Users\henrique.rosa\.m2\org\slf4j\slf4j-api\1.7.36\slf4j-api-1.7.36.jar;C:\Users\henrique.rosa\.m2\org\apache\logging\log4j\log4j-to-slf4j\2.17.2\log4j-to-slf4j-2.17.2.jar;C:\Users\henrique.rosa\.m2\org\apache\logging\log4j\log4j-api\2.17.2\log4j-api-2.17.2.jar;C:\Users\henrique.rosa\.m2\org\slf4j\jul-to-slf4j\1.7.36\jul-to-slf4j-1.7.36.jar;C:\Users\henrique.rosa\.m2\org\springframework\spring-context\5.3.24\spring-context-5.3.24.jar;C:\Users\henrique.rosa\.m2\org\springframework\spring-aop\5.3.24\spring-aop-5.3.24.jar;C:\Users\henrique.rosa\.m2\org\springframework\spring-expression\5.3.24\spring-expression-5.3.24.jar;C:\Users\henrique.rosa\.m2\org\springframework\spring-core\5.3.24\spring-core-5.3.24.jar;C:\Users\henrique.rosa\.m2\org\springframework\spring-jcl\5.3.24\spring-jcl-5.3.24.jar;C:\Users\henrique.rosa\.m2\org\projectlombok\lombok\1.18.24\lombok-1.18.24.jar;C:\Users\henrique.rosa\.m2\org\springframework\boot\spring-boot-starter-test\2.6.14\spring-boot-starter-test-2.6.14.jar;C:\Users\henrique.rosa\.m2\org\springframework\boot\spring-boot-test\2.6.14\spring-boot-test-2.6.14.jar;C:\Users\henrique.rosa\.m2\org\springframework\boot\spring-boot-test-autoconfigure\2.6.14\spring-boot-test-autoconfigure-2.6.14.jar;C:\Users\henrique.rosa\.m2\com\jayway\jsonpath\json-path\2.6.0\json-path-2.6.0.jar;C:\Users\henrique.rosa\.m2\net\minidev\json-smart\2.4.8\json-smart-2.4.8.jar;C:\Users\henrique.rosa\.m2\net\minidev\accessors-smart\2.4.8\accessors-smart-2.4.8.jar;C:\Users\henrique.rosa\.m2\org\ow2\asm\asm\9.1\asm-9.1.jar;C:\Users\henrique.rosa\.m2\jakarta\xml\bind\jakarta.xml.bind-api\2.3.3\jakarta.xml.bind-api-2.3.3.jar;C:\Users\henrique.rosa\.m2\jakarta\activation\jakarta.activation-api\1.2.2\jakarta.activation-api-1.2.2.jar;C:\Users\henrique.rosa\.m2\org\assertj\assertj-core\3.21.0\assertj-core-3.21.0.jar;C:\Users\henrique.rosa\.m2\org\hamcrest\hamcrest\2.2\hamcrest-2.2.jar;C:\Users\henrique.rosa\.m2\org\junit\jupiter\junit-jupiter\5.8.2\junit-jupiter-5.8.2.jar;C:\Users\henrique.rosa\.m2\org\junit\jupiter\junit-jupiter-api\5.8.2\junit-jupiter-api-5.8.2.jar;C:\Users\henrique.rosa\.m2\org\opentest4j\opentest4j\1.2.0\opentest4j-1.2.0.jar;C:\Users\henrique.rosa\.m2\org\junit\platform\junit-platform-commons\1.8.2\junit-platform-commons-1.8.2.jar;C:\Users\henrique.rosa\.m2\org\apiguardian\apiguardian-api\1.1.2\apiguardian-api-1.1.2.jar;C:\Users\henrique.rosa\.m2\org\junit\jupiter\junit-jupiter-params\5.8.2\junit-jupiter-params-5.8.2.jar;C:\Users\henrique.rosa\.m2\org\junit\jupiter\junit-jupiter-engine\5.8.2\junit-jupiter-engine-5.8.2.jar;C:\Users\henrique.rosa\.m2\org\junit\platform\junit-platform-engine\1.8.2\junit-platform-engine-1.8.2.jar;C:\Users\henrique.rosa\.m2\org\mockito\mockito-junit-jupiter\4.0.0\mockito-junit-jupiter-4.0.0.jar;C:\Users\henrique.rosa\.m2\org\skyscreamer\jsonassert\1.5.1\jsonassert-1.5.1.jar;C:\Users\henrique.rosa\.m2\com\vaadin\external\google\android-json\0.0.20131108.vaadin1\android-json-0.0.20131108.vaadin1.jar;C:\Users\henrique.rosa\.m2\org\springframework\spring-test\5.3.24\spring-test-5.3.24.jar;C:\Users\henrique.rosa\.m2\org\xmlunit\xmlunit-core\2.8.4\xmlunit-core-2.8.4.jar;C:\Users\henrique.rosa\.m2\org\mockito\mockito-core\4.0.0\mockito-core-4.0.0.jar;C:\Users\henrique.rosa\.m2\net\bytebuddy\byte-buddy\1.11.22\byte-buddy-1.11.22.jar;C:\Users\henrique.rosa\.m2\net\bytebuddy\byte-buddy-agent\1.11.22\byte-buddy-agent-1.11.22.jar;C:\Users\henrique.rosa\.m2\org\objenesis\objenesis\3.2\objenesis-3.2.jar;C:\Users\henrique.rosa\.m2\com\h2database\h2\1.4.200\h2-1.4.200.jar;C:\Users\henrique.rosa\.m2\org\mapstruct\mapstruct\1.5.3.Final\mapstruct-1.5.3.Final.jar;C:\Users\henrique.rosa\.m2\io\vavr\vavr\0.10.4\vavr-0.10.4.jar;C:\Users\henrique.rosa\.m2\io\vavr\vavr-match\0.10.4\vavr-match-0.10.4.jar;"/>
    <property name="sun.cpu.endian" value="little"/>
    <property name="user.home" value="C:\Users\henrique.rosa"/>
    <property name="user.language" value="en"/>
    <property name="java.specification.vendor" value="Oracle Corporation"/>
    <property name="java.version.date" value="2022-10-18"/>
    <property name="java.home" value="C:\dev\salog\tools\java\jdk-17.0.5+8"/>
    <property name="file.separator" value="\"/>
    <property name="basedir" value="C:\dev\training\udemy\Microservices-Clean-Architecture-DDD-SAGA-Outbox-Kafka\order-service\order-domain\order-domain-service"/>
    <property name="java.vm.compressedOopsMode" value="Zero based"/>
    <property name="line.separator" value="&#10;"/>
    <property name="java.vm.specification.vendor" value="Oracle Corporation"/>
    <property name="java.specification.name" value="Java Platform API Specification"/>
    <property name="FILE_LOG_CHARSET" value="windows-1252"/>
    <property name="java.awt.headless" value="true"/>
    <property name="surefire.real.class.path" value="C:\Users\henrique.rosa\AppData\Local\Temp\surefire9707901460823896007\surefirebooter17284202247760444861.jar"/>
    <property name="user.script" value=""/>
    <property name="sun.management.compiler" value="HotSpot 64-Bit Tiered Compilers"/>
    <property name="java.runtime.version" value="17.0.5+8"/>
    <property name="user.name" value="henrique.rosa"/>
    <property name="path.separator" value=";"/>
    <property name="os.version" value="10.0"/>
    <property name="java.runtime.name" value="OpenJDK Runtime Environment"/>
    <property name="file.encoding" value="Cp1252"/>
    <property name="spring.beaninfo.ignore" value="true"/>
    <property name="java.vm.name" value="OpenJDK 64-Bit Server VM"/>
    <property name="skipTests" value="false"/>
    <property name="java.vendor.version" value="Temurin-17.0.5+8"/>
    <property name="localRepository" value="C:\Users\henrique.rosa\.m2"/>
    <property name="java.vendor.url.bug" value="https://github.com/adoptium/adoptium-support/issues"/>
    <property name="java.io.tmpdir" value="C:\Users\HENRIQ~1.ROS\AppData\Local\Temp\"/>
    <property name="idea.version" value="2024.1"/>
    <property name="catalina.home" value="C:\Users\henrique.rosa\AppData\Local\Temp\tomcat.0.1367634082694189618"/>
    <property name="java.version" value="17.0.5"/>
    <property name="user.dir" value="C:\dev\training\udemy\Microservices-Clean-Architecture-DDD-SAGA-Outbox-Kafka\order-service\order-domain\order-domain-service"/>
    <property name="os.arch" value="amd64"/>
    <property name="java.vm.specification.name" value="Java Virtual Machine Specification"/>
    <property name="PID" value="29076"/>
    <property name="sun.os.patch.level" value=""/>
    <property name="CONSOLE_LOG_CHARSET" value="windows-1252"/>
    <property name="catalina.base" value="C:\Users\henrique.rosa\AppData\Local\Temp\tomcat.0.1367634082694189618"/>
    <property name="native.encoding" value="Cp1252"/>
    <property name="java.library.path" value="C:\dev\salog\tools\java\jdk-17.0.5+8\bin;C:\windows\Sun\Java\bin;C:\windows\system32;C:\windows;C:\Python\Python312\Scripts\;C:\Python\Python312\;C:\windows\system32;C:\windows;C:\windows\System32\Wbem;C:\windows\System32\WindowsPowerShell\v1.0\;C:\windows\System32\OpenSSH\;C:\Program Files (x86)\Enterprise Vault\EVClient\x64\;C:\dev\salog\tools\mvn\apache-maven-3.9.2\bin;C:\dev\salog\tools\java\jdk-17.0.5+8\bin;C:\ProgramData\chocolatey\bin;C:\Users\henrique.rosa\AppData\Roaming\nvm;C:\Program Files\nodejs;C:\Program Files\TortoiseSVN\bin;C:\Program Files\BackupClient\CommandLineTool\;C:\Program Files (x86)\Common Files\Acronis\FileProtector\;C:\Program Files (x86)\Common Files\Acronis\FileProtector64\;C:\Program Files\BackupClient\PyShell\bin\;C:\Program Files (x86)\Common Files\Acronis\SnapAPI\;C:\Program Files\Git\cmd;C:\Program Files\Docker\Docker\resources\bin;C:\Users\henrique.rosa\AppData\Local\Microsoft\WindowsApps;C:\Users\henrique.rosa\AppData\Local\Programs\Microsoft VS Code\bin;C:\Users\henrique.rosa\AppData\Roaming\npm;C:\Users\henrique.rosa\AppData\Roaming\nvm;C:\Program Files\nodejs;."/>
    <property name="java.vm.info" value="mixed mode, sharing"/>
    <property name="java.vendor" value="Eclipse Adoptium"/>
    <property name="java.vm.version" value="17.0.5+8"/>
    <property name="report" value="true"/>
    <property name="sun.io.unicode.encoding" value="UnicodeLittle"/>
    <property name="java.class.version" value="61.0"/>
  </properties>
  <testcase name="createOrder_ok_success" classname="com.h.udemy.java.uservices.order.service.domain.OrderDomainServiceTest" time="0.145">
    <system-out><![CDATA[14:43:55,861 |-INFO in ch.qos.logback.classic.LoggerContext[default] - Could NOT find resource [logback-test.xml]
14:43:55,862 |-INFO in ch.qos.logback.classic.LoggerContext[default] - Found resource [logback.xml] at [jar:file:/C:/dev/training/udemy/Microservices-Clean-Architecture-DDD-SAGA-Outbox-Kafka/order-service/order-domain/order-domain-core/target/order-domain-core-1.0.0.jar!/logback.xml]
14:43:55,862 |-WARN in ch.qos.logback.classic.LoggerContext[default] - Resource [logback.xml] occurs multiple times on the classpath.
14:43:55,862 |-WARN in ch.qos.logback.classic.LoggerContext[default] - Resource [logback.xml] occurs at [jar:file:/C:/dev/training/udemy/Microservices-Clean-Architecture-DDD-SAGA-Outbox-Kafka/common/common-domain/target/common-domain-1.0.0.jar!/logback.xml]
14:43:55,862 |-WARN in ch.qos.logback.classic.LoggerContext[default] - Resource [logback.xml] occurs at [jar:file:/C:/dev/training/udemy/Microservices-Clean-Architecture-DDD-SAGA-Outbox-Kafka/order-service/order-domain/order-domain-core/target/order-domain-core-1.0.0.jar!/logback.xml]
14:43:55,885 |-INFO in ch.qos.logback.core.joran.spi.ConfigurationWatchList@66d57c1b - URL [jar:file:/C:/dev/training/udemy/Microservices-Clean-Architecture-DDD-SAGA-Outbox-Kafka/order-service/order-domain/order-domain-core/target/order-domain-core-1.0.0.jar!/logback.xml] is not of type file
14:43:55,950 |-INFO in ch.qos.logback.classic.joran.action.ConfigurationAction - debug attribute not set
14:43:55,959 |-INFO in ch.qos.logback.core.joran.action.AppenderAction - About to instantiate appender of type [ch.qos.logback.core.ConsoleAppender]
14:43:55,962 |-INFO in ch.qos.logback.core.joran.action.AppenderAction - Naming appender as [STDOUT]
14:43:55,970 |-INFO in ch.qos.logback.core.joran.action.NestedComplexPropertyIA - Assuming default type [ch.qos.logback.classic.encoder.PatternLayoutEncoder] for [encoder] property
14:43:56,013 |-INFO in ch.qos.logback.core.joran.action.AppenderAction - About to instantiate appender of type [ch.qos.logback.core.rolling.RollingFileAppender]
14:43:56,022 |-INFO in ch.qos.logback.core.joran.action.AppenderAction - Naming appender as [SAVE-TO-FILE]
14:43:56,035 |-INFO in ch.qos.logback.core.rolling.FixedWindowRollingPolicy@27494e46 - No compression will be used
14:43:56,039 |-INFO in ch.qos.logback.core.rolling.RollingFileAppender[SAVE-TO-FILE] - Active log file name: logs/logs/log.log
14:43:56,039 |-INFO in ch.qos.logback.core.rolling.RollingFileAppender[SAVE-TO-FILE] - File property is set to [logs/logs/log.log]
14:43:56,044 |-INFO in ch.qos.logback.classic.joran.action.RootLoggerAction - Setting level of ROOT logger to INFO
14:43:56,044 |-INFO in ch.qos.logback.core.joran.action.AppenderRefAction - Attaching appender named [STDOUT] to Logger[ROOT]
14:43:56,045 |-INFO in ch.qos.logback.core.joran.action.AppenderRefAction - Attaching appender named [SAVE-TO-FILE] to Logger[ROOT]
14:43:56,045 |-INFO in ch.qos.logback.classic.joran.action.ConfigurationAction - End of configuration.
14:43:56,047 |-INFO in ch.qos.logback.classic.joran.JoranConfigurator@d59970a - Registering current configuration as safe fallback point

04-12-2024 14:43:56.641 [main] INFO  o.s.b.t.c.SpringBootTestContextBootstrapper.buildDefaultMergedContextConfiguration - Neither @ContextConfiguration nor @ContextHierarchy found for test class [com.h.udemy.java.uservices.order.service.domain.OrderDomainServiceTest], using SpringBootContextLoader
04-12-2024 14:43:56.648 [main] INFO  o.s.t.c.s.AbstractContextLoader.generateDefaultLocations - Could not detect default resource locations for test class [com.h.udemy.java.uservices.order.service.domain.OrderDomainServiceTest]: no resource found for suffixes {-context.xml, Context.groovy}.
04-12-2024 14:43:56.834 [main] INFO  o.s.b.t.c.SpringBootTestContextBootstrapper.getDefaultTestExecutionListenerClassNames - Loaded default TestExecutionListener class names from location [META-INF/spring.factories]: [org.springframework.boot.test.mock.mockito.MockitoTestExecutionListener, org.springframework.boot.test.mock.mockito.ResetMocksTestExecutionListener, org.springframework.boot.test.autoconfigure.restdocs.RestDocsTestExecutionListener, org.springframework.boot.test.autoconfigure.web.client.MockRestServiceServerResetTestExecutionListener, org.springframework.boot.test.autoconfigure.web.servlet.MockMvcPrintOnlyOnFailureTestExecutionListener, org.springframework.boot.test.autoconfigure.web.servlet.WebDriverTestExecutionListener, org.springframework.boot.test.autoconfigure.webservices.client.MockWebServiceServerTestExecutionListener, org.springframework.test.context.web.ServletTestExecutionListener, org.springframework.test.context.support.DirtiesContextBeforeModesTestExecutionListener, org.springframework.test.context.event.ApplicationEventsTestExecutionListener, org.springframework.test.context.support.DependencyInjectionTestExecutionListener, org.springframework.test.context.support.DirtiesContextTestExecutionListener, org.springframework.test.context.transaction.TransactionalTestExecutionListener, org.springframework.test.context.jdbc.SqlScriptsTestExecutionListener, org.springframework.test.context.event.EventPublishingTestExecutionListener]
04-12-2024 14:43:56.854 [main] INFO  o.s.b.t.c.SpringBootTestContextBootstrapper.getTestExecutionListeners - Using TestExecutionListeners: [org.springframework.test.context.web.ServletTestExecutionListener@423ed3b5, org.springframework.test.context.support.DirtiesContextBeforeModesTestExecutionListener@5d124d29, org.springframework.test.context.event.ApplicationEventsTestExecutionListener@3c88191b, org.springframework.boot.test.mock.mockito.MockitoTestExecutionListener@74960e9d, org.springframework.boot.test.autoconfigure.SpringBootDependencyInjectionTestExecutionListener@4001d8c1, org.springframework.test.context.support.DirtiesContextTestExecutionListener@fb5aeed, org.springframework.test.context.transaction.TransactionalTestExecutionListener@73893ec1, org.springframework.test.context.jdbc.SqlScriptsTestExecutionListener@37af24cb, org.springframework.test.context.event.EventPublishingTestExecutionListener@7926352f, org.springframework.boot.test.mock.mockito.ResetMocksTestExecutionListener@5bc63e20, org.springframework.boot.test.autoconfigure.restdocs.RestDocsTestExecutionListener@61037caf, org.springframework.boot.test.autoconfigure.web.client.MockRestServiceServerResetTestExecutionListener@2fc49538, org.springframework.boot.test.autoconfigure.web.servlet.MockMvcPrintOnlyOnFailureTestExecutionListener@670342a2, org.springframework.boot.test.autoconfigure.web.servlet.WebDriverTestExecutionListener@d5e575c, org.springframework.boot.test.autoconfigure.webservices.client.MockWebServiceServerTestExecutionListener@7742a45c]

  .   ____          _            __ _ _
 /\\ / ___'_ __ _ _(_)_ __  __ _ \ \ \ \
( ( )\___ | '_ | '_| | '_ \/ _` | \ \ \ \
 \\/  ___)| |_)| | | | | || (_| |  ) ) ) )
  '  |____| .__|_| |_|_| |_\__, | / / / /
 =========|_|==============|___/=/_/_/_/
 :: Spring Boot ::               (v2.6.14)

04-12-2024 14:43:57.201 [background-preinit] INFO  o.h.validator.internal.util.Version.<clinit> - HV000001: Hibernate Validator 6.2.5.Final
04-12-2024 14:43:57.228 [main] INFO  c.h.u.j.u.o.s.d.OrderDomainServiceTest.logStarting - Starting OrderDomainServiceTest using Java 17.0.5 on PTXXXLPF4A6XVN with PID 29076 (started by henrique.rosa in C:\dev\training\udemy\Microservices-Clean-Architecture-DDD-SAGA-Outbox-Kafka\order-service\order-domain\order-domain-service)
04-12-2024 14:43:57.229 [main] INFO  c.h.u.j.u.o.s.d.OrderDomainServiceTest.logStartupProfileInfo - No active profile set, falling back to 1 default profile: "default"
04-12-2024 14:43:58.723 [main] INFO  o.s.b.w.e.tomcat.TomcatWebServer.initialize - Tomcat initialized with port(s): 0 (http)
04-12-2024 14:43:58.734 [main] INFO  o.a.coyote.http11.Http11NioProtocol.log - Initializing ProtocolHandler ["http-nio-auto-1"]
04-12-2024 14:43:58.735 [main] INFO  o.a.catalina.core.StandardService.log - Starting service [Tomcat]
04-12-2024 14:43:58.736 [main] INFO  o.a.catalina.core.StandardEngine.log - Starting Servlet engine: [Apache Tomcat/9.0.69]
04-12-2024 14:43:58.886 [main] INFO  o.a.c.c.C.[Tomcat].[localhost].[/].log - Initializing Spring embedded WebApplicationContext
04-12-2024 14:43:58.887 [main] INFO  o.s.b.w.s.c.ServletWebServerApplicationContext.prepareWebApplicationContext - Root WebApplicationContext: initialization completed in 1628 ms
04-12-2024 14:44:00.104 [main] INFO  o.a.coyote.http11.Http11NioProtocol.log - Starting ProtocolHandler ["http-nio-auto-1"]
04-12-2024 14:44:00.156 [main] INFO  o.s.b.w.e.tomcat.TomcatWebServer.start - Tomcat started on port(s): 49918 (http) with context path ''
04-12-2024 14:44:00.168 [main] INFO  c.h.u.j.u.o.s.d.OrderDomainServiceTest.logStarted - Started OrderDomainServiceTest in 3.285 seconds (JVM running for 5.265)
:: -> time diff: 605900
:: -> time diff: 1570600
04-12-2024 14:44:00.361 [main] INFO  c.h.u.j.u.o.s.d.OrderDomainService.validateAndInitiateOrder - Order with ID: [{0}] is initiated
04-12-2024 14:44:00.364 [main] WARN  c.h.u.j.u.o.s.d.OrderCreateHelper.persistOrder - Order is created with ID: [{0}]b88444ad-f5e6-42ad-a126-d539940682e2
]]></system-out>
  </testcase>
  <testcase name="createOrder_nok_WrongTotalPrice" classname="com.h.udemy.java.uservices.order.service.domain.OrderDomainServiceTest" time="0.007">
    <system-out><![CDATA[:: -> time diff: 11400
:: -> time diff: 7000
]]></system-out>
  </testcase>
  <testcase name="createOrder_nok_WrongProductPrice" classname="com.h.udemy.java.uservices.order.service.domain.OrderDomainServiceTest" time="0.008">
    <system-out><![CDATA[:: -> time diff: 9800
:: -> time diff: 7300
]]></system-out>
  </testcase>
  <testcase name="createOrder_ok_WithPassiveRestaurant" classname="com.h.udemy.java.uservices.order.service.domain.OrderDomainServiceTest" time="0.01"/>
  <testcase name="contextLoads" classname="com.h.udemy.java.uservices.order.service.domain.OrderDomainServiceTest" time="0.007">
    <system-out><![CDATA[04-12-2024 14:44:00.416 [main] INFO  c.h.u.j.u.o.s.d.ApiEnvTestConfig.contextLoads - Order Service Domain Core
]]></system-out>
  </testcase>
</testsuite>