<component name="ProjectRunConfigurationManager">
  <configuration default="false" name="junit parent" type="CompoundRunConfigurationType">
    <toRun name="common-application" type="JUnit" />
    <toRun name="common-dataaccess" type="JUnit" />
    <toRun name="common-domain" type="JUnit" />
    <toRun name="order-application" type="JUnit" />
    <toRun name="order-application-service" type="JUnit" />
    <toRun name="order-container" type="JUnit" />
    <toRun name="order-dataaccess" type="JUnit" />
    <toRun name="order-domain-core" type="JUnit" />
    <method v="2" />
  </configuration>
</component>